<mesh>
	<submeshes>
		<submesh material="Beige/SOLID/TEX/UV.bmp" usesharedvertices="false">
			<faces count="228">
				<face v1="0" v2="1" v3="2"/>
				<face v1="0" v2="2" v3="3"/>
				<face v1="1" v2="4" v3="2"/>
				<face v1="4" v2="5" v3="2"/>
				<face v1="6" v2="7" v3="9"/>
				<face v1="7" v2="8" v3="9"/>
				<face v1="10" v2="11" v3="13"/>
				<face v1="11" v2="12" v3="13"/>
				<face v1="14" v2="15" v3="16"/>
				<face v1="14" v2="16" v3="17"/>
				<face v1="18" v2="19" v3="21"/>
				<face v1="19" v2="20" v3="21"/>
				<face v1="22" v2="21" v3="20"/>
				<face v1="22" v2="20" v3="23"/>
				<face v1="24" v2="25" v3="26"/>
				<face v1="24" v2="26" v3="27"/>
				<face v1="28" v2="29" v3="31"/>
				<face v1="29" v2="30" v3="31"/>
				<face v1="32" v2="33" v3="34"/>
				<face v1="32" v2="34" v3="35"/>
				<face v1="36" v2="35" v3="37"/>
				<face v1="35" v2="34" v3="37"/>
				<face v1="38" v2="39" v3="41"/>
				<face v1="39" v2="40" v3="41"/>
				<face v1="42" v2="43" v3="45"/>
				<face v1="43" v2="44" v3="45"/>
				<face v1="46" v2="47" v3="49"/>
				<face v1="47" v2="48" v3="49"/>
				<face v1="50" v2="51" v3="53"/>
				<face v1="51" v2="52" v3="53"/>
				<face v1="43" v2="54" v3="55"/>
				<face v1="43" v2="55" v3="56"/>
				<face v1="44" v2="43" v3="56"/>
				<face v1="44" v2="56" v3="57"/>
				<face v1="58" v2="44" v3="59"/>
				<face v1="44" v2="57" v3="59"/>
				<face v1="40" v2="39" v3="61"/>
				<face v1="39" v2="60" v3="61"/>
				<face v1="61" v2="60" v3="62"/>
				<face v1="61" v2="62" v3="63"/>
				<face v1="59" v2="57" v3="64"/>
				<face v1="59" v2="64" v3="65"/>
				<face v1="57" v2="56" v3="64"/>
				<face v1="56" v2="66" v3="64"/>
				<face v1="56" v2="55" v3="66"/>
				<face v1="55" v2="67" v3="66"/>
				<face v1="68" v2="69" v3="71"/>
				<face v1="69" v2="70" v3="71"/>
				<face v1="67" v2="72" v3="66"/>
				<face v1="72" v2="73" v3="66"/>
				<face v1="72" v2="74" v3="73"/>
				<face v1="74" v2="75" v3="73"/>
				<face v1="66" v2="73" v3="64"/>
				<face v1="73" v2="76" v3="64"/>
				<face v1="73" v2="75" v3="76"/>
				<face v1="75" v2="77" v3="76"/>
				<face v1="64" v2="76" v3="65"/>
				<face v1="76" v2="78" v3="65"/>
				<face v1="76" v2="77" v3="79"/>
				<face v1="76" v2="79" v3="78"/>
				<face v1="62" v2="80" v3="63"/>
				<face v1="80" v2="81" v3="63"/>
				<face v1="80" v2="69" v3="68"/>
				<face v1="80" v2="68" v3="81"/>
				<face v1="82" v2="83" v3="85"/>
				<face v1="83" v2="84" v3="85"/>
				<face v1="86" v2="87" v3="89"/>
				<face v1="87" v2="88" v3="89"/>
				<face v1="90" v2="91" v3="93"/>
				<face v1="91" v2="92" v3="93"/>
				<face v1="94" v2="95" v3="96"/>
				<face v1="94" v2="96" v3="97"/>
				<face v1="98" v2="99" v3="101"/>
				<face v1="99" v2="100" v3="101"/>
				<face v1="102" v2="103" v3="105"/>
				<face v1="103" v2="104" v3="105"/>
				<face v1="106" v2="107" v3="109"/>
				<face v1="107" v2="108" v3="109"/>
				<face v1="110" v2="111" v3="112"/>
				<face v1="110" v2="112" v3="113"/>
				<face v1="112" v2="111" v3="115"/>
				<face v1="111" v2="114" v3="115"/>
				<face v1="106" v2="109" v3="117"/>
				<face v1="109" v2="116" v3="117"/>
				<face v1="100" v2="99" v3="119"/>
				<face v1="99" v2="118" v3="119"/>
				<face v1="120" v2="121" v3="122"/>
				<face v1="120" v2="122" v3="123"/>
				<face v1="123" v2="122" v3="114"/>
				<face v1="122" v2="115" v3="114"/>
				<face v1="92" v2="91" v3="125"/>
				<face v1="91" v2="124" v3="125"/>
				<face v1="94" v2="97" v3="126"/>
				<face v1="94" v2="126" v3="127"/>
				<face v1="82" v2="85" v3="129"/>
				<face v1="85" v2="128" v3="129"/>
				<face v1="130" v2="131" v3="133"/>
				<face v1="131" v2="132" v3="133"/>
				<face v1="133" v2="132" v3="126"/>
				<face v1="132" v2="127" v3="126"/>
				<face v1="9" v2="134" v3="6"/>
				<face v1="134" v2="135" v3="6"/>
				<face v1="134" v2="38" v3="135"/>
				<face v1="38" v2="41" v3="135"/>
				<face v1="5" v2="136" v3="138"/>
				<face v1="136" v2="137" v3="138"/>
				<face v1="136" v2="45" v3="137"/>
				<face v1="45" v2="139" v3="137"/>
				<face v1="4" v2="140" v3="5"/>
				<face v1="140" v2="136" v3="5"/>
				<face v1="140" v2="42" v3="136"/>
				<face v1="42" v2="45" v3="136"/>
				<face v1="141" v2="142" v3="4"/>
				<face v1="142" v2="140" v3="4"/>
				<face v1="142" v2="143" v3="140"/>
				<face v1="143" v2="42" v3="140"/>
				<face v1="144" v2="145" v3="146"/>
				<face v1="144" v2="146" v3="147"/>
				<face v1="145" v2="148" v3="149"/>
				<face v1="145" v2="149" v3="146"/>
				<face v1="147" v2="146" v3="151"/>
				<face v1="146" v2="150" v3="151"/>
				<face v1="146" v2="149" v3="150"/>
				<face v1="149" v2="152" v3="150"/>
				<face v1="40" v2="153" v3="41"/>
				<face v1="153" v2="154" v3="41"/>
				<face v1="153" v2="155" v3="154"/>
				<face v1="155" v2="156" v3="154"/>
				<face v1="151" v2="150" v3="158"/>
				<face v1="150" v2="157" v3="158"/>
				<face v1="150" v2="152" v3="157"/>
				<face v1="152" v2="159" v3="157"/>
				<face v1="148" v2="160" v3="161"/>
				<face v1="148" v2="161" v3="149"/>
				<face v1="160" v2="162" v3="161"/>
				<face v1="162" v2="163" v3="161"/>
				<face v1="149" v2="161" v3="152"/>
				<face v1="161" v2="164" v3="152"/>
				<face v1="161" v2="163" v3="164"/>
				<face v1="163" v2="165" v3="164"/>
				<face v1="155" v2="166" v3="156"/>
				<face v1="166" v2="167" v3="156"/>
				<face v1="166" v2="47" v3="167"/>
				<face v1="47" v2="46" v3="167"/>
				<face v1="152" v2="164" v3="159"/>
				<face v1="164" v2="168" v3="159"/>
				<face v1="164" v2="165" v3="169"/>
				<face v1="164" v2="169" v3="168"/>
				<face v1="170" v2="171" v3="172"/>
				<face v1="170" v2="172" v3="173"/>
				<face v1="171" v2="174" v3="175"/>
				<face v1="171" v2="175" v3="172"/>
				<face v1="176" v2="177" v3="170"/>
				<face v1="177" v2="171" v3="170"/>
				<face v1="177" v2="178" v3="171"/>
				<face v1="178" v2="174" v3="171"/>
				<face v1="38" v2="179" v3="39"/>
				<face v1="179" v2="180" v3="39"/>
				<face v1="179" v2="181" v3="180"/>
				<face v1="181" v2="182" v3="180"/>
				<face v1="183" v2="184" v3="176"/>
				<face v1="184" v2="177" v3="176"/>
				<face v1="184" v2="185" v3="177"/>
				<face v1="185" v2="178" v3="177"/>
				<face v1="174" v2="186" v3="187"/>
				<face v1="174" v2="187" v3="175"/>
				<face v1="186" v2="188" v3="189"/>
				<face v1="186" v2="189" v3="187"/>
				<face v1="178" v2="190" v3="174"/>
				<face v1="190" v2="186" v3="174"/>
				<face v1="190" v2="191" v3="186"/>
				<face v1="191" v2="188" v3="186"/>
				<face v1="181" v2="192" v3="182"/>
				<face v1="192" v2="193" v3="182"/>
				<face v1="192" v2="53" v3="193"/>
				<face v1="53" v2="52" v3="193"/>
				<face v1="185" v2="194" v3="178"/>
				<face v1="194" v2="190" v3="178"/>
				<face v1="194" v2="195" v3="190"/>
				<face v1="195" v2="191" v3="190"/>
				<face v1="196" v2="91" v3="197"/>
				<face v1="91" v2="90" v3="197"/>
				<face v1="198" v2="131" v3="199"/>
				<face v1="131" v2="130" v3="199"/>
				<face v1="200" v2="87" v3="201"/>
				<face v1="87" v2="86" v3="201"/>
				<face v1="202" v2="83" v3="203"/>
				<face v1="83" v2="82" v3="203"/>
				<face v1="204" v2="107" v3="205"/>
				<face v1="107" v2="106" v3="205"/>
				<face v1="206" v2="121" v3="120"/>
				<face v1="206" v2="120" v3="207"/>
				<face v1="208" v2="103" v3="209"/>
				<face v1="103" v2="102" v3="209"/>
				<face v1="210" v2="99" v3="98"/>
				<face v1="210" v2="98" v3="211"/>
				<face v1="37" v2="212" v3="36"/>
				<face v1="212" v2="213" v3="36"/>
				<face v1="212" v2="196" v3="213"/>
				<face v1="196" v2="197" v3="213"/>
				<face v1="29" v2="214" v3="30"/>
				<face v1="214" v2="215" v3="30"/>
				<face v1="214" v2="216" v3="215"/>
				<face v1="216" v2="217" v3="215"/>
				<face v1="201" v2="218" v3="219"/>
				<face v1="201" v2="219" v3="200"/>
				<face v1="218" v2="24" v3="27"/>
				<face v1="218" v2="27" v3="219"/>
				<face v1="220" v2="221" v3="223"/>
				<face v1="221" v2="222" v3="223"/>
				<face v1="221" v2="202" v3="222"/>
				<face v1="202" v2="203" v3="222"/>
				<face v1="23" v2="224" v3="22"/>
				<face v1="224" v2="225" v3="22"/>
				<face v1="224" v2="204" v3="205"/>
				<face v1="224" v2="205" v3="225"/>
				<face v1="17" v2="226" v3="14"/>
				<face v1="226" v2="227" v3="14"/>
				<face v1="226" v2="228" v3="227"/>
				<face v1="228" v2="229" v3="227"/>
				<face v1="11" v2="230" v3="231"/>
				<face v1="11" v2="231" v3="12"/>
				<face v1="230" v2="208" v3="209"/>
				<face v1="230" v2="209" v3="231"/>
				<face v1="232" v2="233" v3="234"/>
				<face v1="232" v2="234" v3="235"/>
				<face v1="233" v2="210" v3="234"/>
				<face v1="210" v2="211" v3="234"/>
			</faces>
			<geometry vertexcount="236">
				<vertexbuffer positions="true" normals="true" texture_coords="1">
					<vertex>
						<position x="1.000000" y="1.000000" z="-1.000000"/>
						<normal x="-0.298722" y="0.896074" z="-0.328356"/>
						<texcoord u="0.733391" v="0.993685"/>
					</vertex>
					<vertex>
						<position x="1.000000" y="-1.000000" z="-1.000000"/>
						<normal x="-0.298722" y="-0.896074" z="-0.328356"/>
						<texcoord u="0.727075" v="0.928669"/>
					</vertex>
					<vertex>
						<position x="-1.000000" y="-1.000000" z="-1.000000"/>
						<normal x="0.296038" y="-0.896628" z="-0.329273"/>
						<texcoord u="0.662059" v="0.934984"/>
					</vertex>
					<vertex>
						<position x="-1.000000" y="1.000000" z="-1.000000"/>
						<normal x="0.300279" y="0.893451" z="-0.334033"/>
						<texcoord u="0.668374" v="1.000000"/>
					</vertex>
					<vertex>
						<position x="0.999999" y="-1.000001" z="1.000000"/>
						<normal x="0.511712" y="-0.843881" z="0.161293"/>
						<texcoord u="0.720760" v="0.863652"/>
					</vertex>
					<vertex>
						<position x="-1.000000" y="-1.000000" z="1.000000"/>
						<normal x="-0.511725" y="-0.843872" z="0.161297"/>
						<texcoord u="0.655744" v="0.869967"/>
					</vertex>
					<vertex>
						<position x="1.000000" y="0.999999" z="1.000000"/>
						<normal x="0.511725" y="0.843872" z="0.161297"/>
						<texcoord u="0.241366" v="0.920370"/>
					</vertex>
					<vertex>
						<position x="1.000000" y="1.000000" z="-1.000000"/>
						<normal x="-0.298722" y="0.896074" z="-0.328356"/>
						<texcoord u="0.241366" v="1.000000"/>
					</vertex>
					<vertex>
						<position x="-1.000000" y="1.000000" z="-1.000000"/>
						<normal x="0.300279" y="0.893451" z="-0.334033"/>
						<texcoord u="0.320996" v="1.000000"/>
					</vertex>
					<vertex>
						<position x="-1.000000" y="1.000000" z="1.000000"/>
						<normal x="-0.511725" y="0.843872" z="0.161297"/>
						<texcoord u="0.320996" v="0.920370"/>
					</vertex>
					<vertex>
						<position x="-1.000000" y="1.000000" z="1.000000"/>
						<normal x="-0.511725" y="0.843872" z="0.161297"/>
						<texcoord u="0.785779" v="0.000000"/>
					</vertex>
					<vertex>
						<position x="-1.000000" y="1.000000" z="-1.000000"/>
						<normal x="0.300279" y="0.893451" z="-0.334033"/>
						<texcoord u="0.785779" v="0.088051"/>
					</vertex>
					<vertex>
						<position x="-2.000000" y="1.000001" z="-1.000000"/>
						<normal x="-0.703039" y="0.708318" z="0.063419"/>
						<texcoord u="0.829804" v="0.088051"/>
					</vertex>
					<vertex>
						<position x="-1.700000" y="1.000000" z="-0.000000"/>
						<normal x="-0.802879" y="0.451812" z="0.388911"/>
						<texcoord u="0.816597" v="0.044026"/>
					</vertex>
					<vertex>
						<position x="-1.000000" y="-1.000000" z="-1.000000"/>
						<normal x="0.296038" y="-0.896628" z="-0.329273"/>
						<texcoord u="0.918144" v="0.150631"/>
					</vertex>
					<vertex>
						<position x="-1.000000" y="-1.000000" z="1.000000"/>
						<normal x="-0.511725" y="-0.843872" z="0.161297"/>
						<texcoord u="0.918144" v="0.062000"/>
					</vertex>
					<vertex>
						<position x="-1.700001" y="-0.999999" z="-0.000000"/>
						<normal x="-0.802879" y="-0.451812" z="0.388911"/>
						<texcoord u="0.887123" v="0.106316"/>
					</vertex>
					<vertex>
						<position x="-2.000000" y="-1.000000" z="-1.000000"/>
						<normal x="-0.693548" y="-0.717689" z="0.062564"/>
						<texcoord u="0.873828" v="0.150631"/>
					</vertex>
					<vertex>
						<position x="-1.000000" y="-1.000000" z="1.000000"/>
						<normal x="-0.511725" y="-0.843872" z="0.161297"/>
						<texcoord u="0.086489" v="0.019617"/>
					</vertex>
					<vertex>
						<position x="-1.000000" y="1.000000" z="1.000000"/>
						<normal x="-0.511725" y="0.843872" z="0.161297"/>
						<texcoord u="0.000000" v="0.019766"/>
					</vertex>
					<vertex>
						<position x="-1.700000" y="1.000000" z="-0.000000"/>
						<normal x="-0.802879" y="0.451812" z="0.388911"/>
						<texcoord u="0.000091" v="0.072553"/>
					</vertex>
					<vertex>
						<position x="-1.700001" y="-0.999999" z="-0.000000"/>
						<normal x="-0.802879" y="-0.451812" z="0.388911"/>
						<texcoord u="0.086580" v="0.072404"/>
					</vertex>
					<vertex>
						<position x="-2.000000" y="-1.000000" z="-1.000000"/>
						<normal x="-0.693548" y="-0.717689" z="0.062564"/>
						<texcoord u="0.086657" v="0.117553"/>
					</vertex>
					<vertex>
						<position x="-2.000000" y="1.000001" z="-1.000000"/>
						<normal x="-0.703039" y="0.708318" z="0.063419"/>
						<texcoord u="0.000168" v="0.117701"/>
					</vertex>
					<vertex>
						<position x="1.000000" y="1.000000" z="-1.000000"/>
						<normal x="-0.298722" y="0.896074" z="-0.328356"/>
						<texcoord u="0.873828" v="0.088073"/>
					</vertex>
					<vertex>
						<position x="1.000000" y="0.999999" z="1.000000"/>
						<normal x="0.511725" y="0.843872" z="0.161297"/>
						<texcoord u="0.873828" v="0.000029"/>
					</vertex>
					<vertex>
						<position x="1.700001" y="0.999999" z="0.000000"/>
						<normal x="0.802879" y="0.451812" z="0.388911"/>
						<texcoord u="0.843013" v="0.044051"/>
					</vertex>
					<vertex>
						<position x="2.000000" y="1.000000" z="-1.000000"/>
						<normal x="0.698231" y="0.712697" z="0.067357"/>
						<texcoord u="0.829806" v="0.088073"/>
					</vertex>
					<vertex>
						<position x="0.999999" y="-1.000001" z="1.000000"/>
						<normal x="0.511712" y="-0.843881" z="0.161293"/>
						<texcoord u="0.918144" v="0.062105"/>
					</vertex>
					<vertex>
						<position x="1.000000" y="-1.000000" z="-1.000000"/>
						<normal x="-0.298722" y="-0.896074" z="-0.328356"/>
						<texcoord u="0.918144" v="0.150714"/>
					</vertex>
					<vertex>
						<position x="2.000000" y="-1.000000" z="-1.000000"/>
						<normal x="0.698231" y="-0.712697" z="0.067357"/>
						<texcoord u="0.962448" v="0.150714"/>
					</vertex>
					<vertex>
						<position x="1.699999" y="-1.000001" z="0.000000"/>
						<normal x="0.802879" y="-0.451812" z="0.388911"/>
						<texcoord u="0.949157" v="0.106410"/>
					</vertex>
					<vertex>
						<position x="1.000000" y="0.999999" z="1.000000"/>
						<normal x="0.511725" y="0.843872" z="0.161297"/>
						<texcoord u="0.870696" v="0.487795"/>
					</vertex>
					<vertex>
						<position x="0.999999" y="-1.000001" z="1.000000"/>
						<normal x="0.511712" y="-0.843881" z="0.161293"/>
						<texcoord u="0.785779" v="0.504306"/>
					</vertex>
					<vertex>
						<position x="1.699999" y="-1.000001" z="0.000000"/>
						<normal x="0.802879" y="-0.451812" z="0.388911"/>
						<texcoord u="0.795856" v="0.556133"/>
					</vertex>
					<vertex>
						<position x="1.700001" y="0.999999" z="0.000000"/>
						<normal x="0.802879" y="0.451812" z="0.388911"/>
						<texcoord u="0.880773" v="0.539622"/>
					</vertex>
					<vertex>
						<position x="2.000000" y="1.000000" z="-1.000000"/>
						<normal x="0.698231" y="0.712697" z="0.067357"/>
						<texcoord u="0.889392" v="0.583950"/>
					</vertex>
					<vertex>
						<position x="2.000000" y="-1.000000" z="-1.000000"/>
						<normal x="0.698231" y="-0.712697" z="0.067357"/>
						<texcoord u="0.804475" v="0.600461"/>
					</vertex>
					<vertex>
						<position x="-1.000000" y="1.000000" z="5.000000"/>
						<normal x="-0.301503" y="0.904540" z="-0.301503"/>
						<texcoord u="0.320995" v="0.761111"/>
					</vertex>
					<vertex>
						<position x="-1.000000" y="1.000000" z="6.000000"/>
						<normal x="-0.250319" y="0.810072" z="0.530211"/>
						<texcoord u="0.320995" v="0.721296"/>
					</vertex>
					<vertex>
						<position x="1.000000" y="0.999999" z="6.000000"/>
						<normal x="0.250319" y="0.810072" z="0.530211"/>
						<texcoord u="0.241366" v="0.721297"/>
					</vertex>
					<vertex>
						<position x="1.000000" y="0.999999" z="5.000000"/>
						<normal x="0.301503" y="0.904540" z="-0.301503"/>
						<texcoord u="0.241366" v="0.761112"/>
					</vertex>
					<vertex>
						<position x="0.999999" y="-1.000001" z="5.000000"/>
						<normal x="0.301503" y="-0.904540" z="-0.301503"/>
						<texcoord u="0.708130" v="0.733618"/>
					</vertex>
					<vertex>
						<position x="0.999999" y="-1.000001" z="6.000000"/>
						<normal x="0.250319" y="-0.810072" z="0.530211"/>
						<texcoord u="0.704973" v="0.701109"/>
					</vertex>
					<vertex>
						<position x="-1.000000" y="-1.000000" z="6.000000"/>
						<normal x="-0.250319" y="-0.810072" z="0.530211"/>
						<texcoord u="0.639955" v="0.707424"/>
					</vertex>
					<vertex>
						<position x="-1.000000" y="-1.000000" z="5.000000"/>
						<normal x="-0.301503" y="-0.904540" z="-0.301503"/>
						<texcoord u="0.643113" v="0.739933"/>
					</vertex>
					<vertex>
						<position x="5.000000" y="0.999997" z="5.000000"/>
						<normal x="0.577350" y="0.577350" z="-0.577350"/>
						<texcoord u="0.079627" v="0.760824"/>
					</vertex>
					<vertex>
						<position x="5.000000" y="0.999997" z="6.000000"/>
						<normal x="0.577350" y="0.577350" z="0.577350"/>
						<texcoord u="0.079627" v="0.721010"/>
					</vertex>
					<vertex>
						<position x="5.000000" y="-1.000003" z="6.000000"/>
						<normal x="0.577350" y="-0.577350" z="0.577350"/>
						<texcoord u="0.000000" v="0.721010"/>
					</vertex>
					<vertex>
						<position x="5.000000" y="-1.000003" z="5.000000"/>
						<normal x="0.577350" y="-0.577350" z="-0.577350"/>
						<texcoord u="0.000000" v="0.760824"/>
					</vertex>
					<vertex>
						<position x="-5.000000" y="-0.999999" z="5.000000"/>
						<normal x="-0.577350" y="-0.577350" z="-0.577350"/>
						<texcoord u="0.562363" v="0.761392"/>
					</vertex>
					<vertex>
						<position x="-5.000000" y="-0.999999" z="6.000000"/>
						<normal x="-0.577350" y="-0.577350" z="0.577350"/>
						<texcoord u="0.562362" v="0.721579"/>
					</vertex>
					<vertex>
						<position x="-5.000000" y="1.000001" z="6.000000"/>
						<normal x="-0.577350" y="0.577350" z="0.577350"/>
						<texcoord u="0.482734" v="0.721581"/>
					</vertex>
					<vertex>
						<position x="-5.000000" y="1.000001" z="5.000000"/>
						<normal x="-0.577350" y="0.577350" z="-0.577350"/>
						<texcoord u="0.482735" v="0.761395"/>
					</vertex>
					<vertex>
						<position x="1.000000" y="0.999999" z="6.000000"/>
						<normal x="0.250319" y="0.810072" z="0.530211"/>
						<texcoord u="0.785777" v="0.671116"/>
					</vertex>
					<vertex>
						<position x="0.500000" y="0.500000" z="7.000000"/>
						<normal x="0.707107" y="0.707107" z="0.000000"/>
						<texcoord u="0.748809" v="0.633444"/>
					</vertex>
					<vertex>
						<position x="0.500000" y="-0.500000" z="7.000000"/>
						<normal x="0.707107" y="-0.707107" z="0.000000"/>
						<texcoord u="0.702818" v="0.637681"/>
					</vertex>
					<vertex>
						<position x="-0.500000" y="-0.500000" z="7.000000"/>
						<normal x="-0.707107" y="-0.707107" z="0.000000"/>
						<texcoord u="0.644537" v="0.652076"/>
					</vertex>
					<vertex>
						<position x="-1.000000" y="1.000000" z="6.000000"/>
						<normal x="-0.250319" y="0.810072" z="0.530211"/>
						<texcoord u="0.562363" v="0.681485"/>
					</vertex>
					<vertex>
						<position x="-0.500000" y="0.500000" z="7.000000"/>
						<normal x="-0.707107" y="0.707107" z="0.000000"/>
						<texcoord u="0.596262" v="0.644594"/>
					</vertex>
					<vertex>
						<position x="-0.500000" y="0.500000" z="7.000000"/>
						<normal x="-0.707107" y="0.707107" z="0.000000"/>
						<texcoord u="0.301087" v="0.676782"/>
					</vertex>
					<vertex>
						<position x="0.500000" y="0.500000" z="7.000000"/>
						<normal x="0.707107" y="0.707107" z="0.000000"/>
						<texcoord u="0.261272" v="0.676783"/>
					</vertex>
					<vertex>
						<position x="-1.000000" y="1.000000" z="8.000000"/>
						<normal x="-0.670717" y="0.670717" z="-0.316666"/>
						<texcoord u="0.320994" v="0.632267"/>
					</vertex>
					<vertex>
						<position x="1.000000" y="0.999999" z="8.000000"/>
						<normal x="0.670717" y="0.670717" z="-0.316666"/>
						<texcoord u="0.241364" v="0.632269"/>
					</vertex>
					<vertex>
						<position x="-1.000000" y="-1.000000" z="8.000000"/>
						<normal x="-0.670717" y="-0.670717" z="-0.316666"/>
						<texcoord u="0.649424" v="0.593295"/>
					</vertex>
					<vertex>
						<position x="-1.000000" y="1.000000" z="8.000000"/>
						<normal x="-0.670717" y="0.670717" z="-0.316666"/>
						<texcoord u="0.574004" v="0.592107"/>
					</vertex>
					<vertex>
						<position x="0.999999" y="-1.000001" z="8.000000"/>
						<normal x="0.670717" y="-0.670717" z="-0.316666"/>
						<texcoord u="0.700805" v="0.590901"/>
					</vertex>
					<vertex>
						<position x="1.000000" y="0.999999" z="8.000000"/>
						<normal x="0.670717" y="0.670717" z="-0.316666"/>
						<texcoord u="0.769033" v="0.586079"/>
					</vertex>
					<vertex>
						<position x="0.500000" y="0.500000" z="10.000000"/>
						<normal x="0.392660" y="0.392660" z="0.831647"/>
						<texcoord u="0.261270" v="0.547938"/>
					</vertex>
					<vertex>
						<position x="-0.500000" y="0.500000" z="10.000000"/>
						<normal x="-0.392660" y="0.392660" z="0.831647"/>
						<texcoord u="0.301085" v="0.547937"/>
					</vertex>
					<vertex>
						<position x="-0.500000" y="-0.500000" z="10.000000"/>
						<normal x="-0.392660" y="-0.392660" z="0.831647"/>
						<texcoord u="0.301084" v="0.508122"/>
					</vertex>
					<vertex>
						<position x="0.500000" y="-0.500000" z="10.000000"/>
						<normal x="0.392660" y="-0.392660" z="0.831647"/>
						<texcoord u="0.261269" v="0.508122"/>
					</vertex>
					<vertex>
						<position x="1.000000" y="0.999999" z="9.000000"/>
						<normal x="0.670717" y="0.670717" z="0.316666"/>
						<texcoord u="0.761588" v="0.546686"/>
					</vertex>
					<vertex>
						<position x="0.999999" y="-1.000001" z="9.000000"/>
						<normal x="0.670717" y="-0.670717" z="0.316666"/>
						<texcoord u="0.700431" v="0.563440"/>
					</vertex>
					<vertex>
						<position x="0.500000" y="0.500000" z="10.000000"/>
						<normal x="0.392660" y="0.392660" z="0.831647"/>
						<texcoord u="0.727424" v="0.511274"/>
					</vertex>
					<vertex>
						<position x="0.500000" y="-0.500000" z="10.000000"/>
						<normal x="0.392660" y="-0.392660" z="0.831647"/>
						<texcoord u="0.694242" v="0.528001"/>
					</vertex>
					<vertex>
						<position x="-1.000000" y="-1.000000" z="9.000000"/>
						<normal x="-0.670717" y="-0.670717" z="0.316666"/>
						<texcoord u="0.652017" v="0.564674"/>
					</vertex>
					<vertex>
						<position x="-0.500000" y="-0.500000" z="10.000000"/>
						<normal x="-0.392660" y="-0.392660" z="0.831647"/>
						<texcoord u="0.657472" v="0.523580"/>
					</vertex>
					<vertex>
						<position x="-1.000000" y="1.000000" z="9.000000"/>
						<normal x="-0.670717" y="0.670717" z="0.316666"/>
						<texcoord u="0.579708" v="0.548063"/>
					</vertex>
					<vertex>
						<position x="-0.500000" y="0.500000" z="10.000000"/>
						<normal x="-0.392660" y="0.392660" z="0.831647"/>
						<texcoord u="0.618193" v="0.505525"/>
					</vertex>
					<vertex>
						<position x="-1.000000" y="1.000000" z="9.000000"/>
						<normal x="-0.670717" y="0.670717" z="0.316666"/>
						<texcoord u="0.320993" v="0.592452"/>
					</vertex>
					<vertex>
						<position x="1.000000" y="0.999999" z="9.000000"/>
						<normal x="0.670717" y="0.670717" z="0.316666"/>
						<texcoord u="0.241363" v="0.592453"/>
					</vertex>
					<vertex>
						<position x="1.000000" y="-1.000000" z="-9.000000"/>
						<normal x="-0.826106" y="-0.237107" z="0.511204"/>
						<texcoord u="0.473876" v="0.463878"/>
					</vertex>
					<vertex>
						<position x="1.000000" y="1.000000" z="-9.000000"/>
						<normal x="-0.694434" y="0.656621" z="0.294297"/>
						<texcoord u="0.385389" v="0.463877"/>
					</vertex>
					<vertex>
						<position x="1.000000" y="1.000000" z="-10.000000"/>
						<normal x="-0.577350" y="0.577350" z="-0.577350"/>
						<texcoord u="0.385389" v="0.508121"/>
					</vertex>
					<vertex>
						<position x="1.000000" y="-1.000000" z="-10.000000"/>
						<normal x="-0.707107" y="0.000000" z="-0.707107"/>
						<texcoord u="0.473875" v="0.508121"/>
					</vertex>
					<vertex>
						<position x="1.000000" y="1.000000" z="-9.000000"/>
						<normal x="-0.694434" y="0.656621" z="0.294297"/>
						<texcoord u="0.873828" v="0.443772"/>
					</vertex>
					<vertex>
						<position x="2.000000" y="1.000000" z="-9.000000"/>
						<normal x="0.694434" y="0.656621" z="0.294297"/>
						<texcoord u="0.829805" v="0.443771"/>
					</vertex>
					<vertex>
						<position x="2.000000" y="1.000000" z="-10.000000"/>
						<normal x="0.577350" y="0.577350" z="-0.577350"/>
						<texcoord u="0.829804" v="0.487794"/>
					</vertex>
					<vertex>
						<position x="1.000000" y="1.000000" z="-10.000000"/>
						<normal x="-0.577350" y="0.577350" z="-0.577350"/>
						<texcoord u="0.873827" v="0.487795"/>
					</vertex>
					<vertex>
						<position x="2.000000" y="1.000000" z="-9.000000"/>
						<normal x="0.694434" y="0.656621" z="0.294297"/>
						<texcoord u="0.955613" v="0.924515"/>
					</vertex>
					<vertex>
						<position x="2.000000" y="-1.000000" z="-9.000000"/>
						<normal x="0.826106" y="-0.237107" z="0.511204"/>
						<texcoord u="0.870695" v="0.941027"/>
					</vertex>
					<vertex>
						<position x="2.000000" y="-1.000000" z="-10.000000"/>
						<normal x="0.707107" y="0.000000" z="-0.707107"/>
						<texcoord u="0.878952" v="0.983486"/>
					</vertex>
					<vertex>
						<position x="2.000000" y="1.000000" z="-10.000000"/>
						<normal x="0.577350" y="0.577350" z="-0.577350"/>
						<texcoord u="0.963869" v="0.966973"/>
					</vertex>
					<vertex>
						<position x="1.000000" y="-1.000000" z="-10.000000"/>
						<normal x="-0.707107" y="0.000000" z="-0.707107"/>
						<texcoord u="0.551637" v="0.042051"/>
					</vertex>
					<vertex>
						<position x="1.000000" y="1.000000" z="-10.000000"/>
						<normal x="-0.577350" y="0.577350" z="-0.577350"/>
						<texcoord u="0.623348" v="0.042051"/>
					</vertex>
					<vertex>
						<position x="2.000000" y="1.000000" z="-10.000000"/>
						<normal x="0.577350" y="0.577350" z="-0.577350"/>
						<texcoord u="0.623348" v="0.006195"/>
					</vertex>
					<vertex>
						<position x="2.000000" y="-1.000000" z="-10.000000"/>
						<normal x="0.707107" y="0.000000" z="-0.707107"/>
						<texcoord u="0.551637" v="0.006195"/>
					</vertex>
					<vertex>
						<position x="-0.999999" y="1.000000" z="-9.000000"/>
						<normal x="0.694434" y="0.656621" z="0.294297"/>
						<texcoord u="0.344682" v="0.422161"/>
					</vertex>
					<vertex>
						<position x="-0.999999" y="-1.000000" z="-9.000000"/>
						<normal x="0.826106" y="-0.237107" z="0.511204"/>
						<texcoord u="0.258874" v="0.443690"/>
					</vertex>
					<vertex>
						<position x="-0.999999" y="-1.000000" z="-10.000000"/>
						<normal x="0.707107" y="0.000000" z="-0.707107"/>
						<texcoord u="0.269638" v="0.486594"/>
					</vertex>
					<vertex>
						<position x="-0.999999" y="1.000000" z="-10.000000"/>
						<normal x="0.577350" y="0.577350" z="-0.577350"/>
						<texcoord u="0.355446" v="0.465065"/>
					</vertex>
					<vertex>
						<position x="-1.999999" y="1.000001" z="-9.000000"/>
						<normal x="-0.694434" y="0.656621" z="0.294297"/>
						<texcoord u="0.829802" v="0.443770"/>
					</vertex>
					<vertex>
						<position x="-0.999999" y="1.000000" z="-9.000000"/>
						<normal x="0.694434" y="0.656621" z="0.294297"/>
						<texcoord u="0.785777" v="0.443770"/>
					</vertex>
					<vertex>
						<position x="-0.999999" y="1.000000" z="-10.000000"/>
						<normal x="0.577350" y="0.577350" z="-0.577350"/>
						<texcoord u="0.785777" v="0.487795"/>
					</vertex>
					<vertex>
						<position x="-1.999999" y="1.000001" z="-10.000000"/>
						<normal x="-0.577350" y="0.577350" z="-0.577350"/>
						<texcoord u="0.829802" v="0.487795"/>
					</vertex>
					<vertex>
						<position x="-1.999999" y="-1.000000" z="-9.000000"/>
						<normal x="-0.826106" y="-0.237107" z="0.511204"/>
						<texcoord u="0.086576" v="0.464705"/>
					</vertex>
					<vertex>
						<position x="-1.999999" y="1.000001" z="-9.000000"/>
						<normal x="-0.694434" y="0.656621" z="0.294297"/>
						<texcoord u="0.000086" v="0.464532"/>
					</vertex>
					<vertex>
						<position x="-1.999999" y="1.000001" z="-10.000000"/>
						<normal x="-0.577350" y="0.577350" z="-0.577350"/>
						<texcoord u="0.000000" v="0.507777"/>
					</vertex>
					<vertex>
						<position x="-1.999999" y="-1.000000" z="-10.000000"/>
						<normal x="-0.707107" y="0.000000" z="-0.707107"/>
						<texcoord u="0.086490" v="0.507950"/>
					</vertex>
					<vertex>
						<position x="-0.999999" y="1.000000" z="-10.000000"/>
						<normal x="0.577350" y="0.577350" z="-0.577350"/>
						<texcoord u="0.623348" v="0.042051"/>
					</vertex>
					<vertex>
						<position x="-0.999999" y="-1.000000" z="-10.000000"/>
						<normal x="0.707107" y="0.000000" z="-0.707107"/>
						<texcoord u="0.551637" v="0.042053"/>
					</vertex>
					<vertex>
						<position x="-1.999999" y="-1.000000" z="-10.000000"/>
						<normal x="-0.707107" y="0.000000" z="-0.707107"/>
						<texcoord u="0.551638" v="0.077909"/>
					</vertex>
					<vertex>
						<position x="-1.999999" y="1.000001" z="-10.000000"/>
						<normal x="-0.577350" y="0.577350" z="-0.577350"/>
						<texcoord u="0.623349" v="0.077906"/>
					</vertex>
					<vertex>
						<position x="-0.999999" y="-3.000000" z="-10.000000"/>
						<normal x="0.577350" y="-0.577350" z="-0.577350"/>
						<texcoord u="0.479926" v="0.042054"/>
					</vertex>
					<vertex>
						<position x="-1.999999" y="-3.000000" z="-10.000000"/>
						<normal x="-0.577350" y="-0.577350" z="-0.577350"/>
						<texcoord u="0.479927" v="0.077910"/>
					</vertex>
					<vertex>
						<position x="-1.999999" y="-3.000000" z="-10.000000"/>
						<normal x="-0.577350" y="-0.577350" z="-0.577350"/>
						<texcoord u="0.172980" v="0.508122"/>
					</vertex>
					<vertex>
						<position x="-1.999999" y="-3.000000" z="-9.000000"/>
						<normal x="-0.577350" y="-0.577350" z="0.577350"/>
						<texcoord u="0.173066" v="0.464877"/>
					</vertex>
					<vertex>
						<position x="-0.999999" y="-3.000000" z="-9.000000"/>
						<normal x="0.577350" y="-0.577350" z="0.577350"/>
						<texcoord u="0.173066" v="0.465218"/>
					</vertex>
					<vertex>
						<position x="-0.999999" y="-3.000000" z="-10.000000"/>
						<normal x="0.577350" y="-0.577350" z="-0.577350"/>
						<texcoord u="0.183830" v="0.508122"/>
					</vertex>
					<vertex>
						<position x="-0.999999" y="-1.000000" z="-9.000000"/>
						<normal x="0.826106" y="-0.237107" z="0.511204"/>
						<texcoord u="0.372360" v="0.042054"/>
					</vertex>
					<vertex>
						<position x="-1.999999" y="-1.000000" z="-9.000000"/>
						<normal x="-0.826106" y="-0.237107" z="0.511204"/>
						<texcoord u="0.372359" v="0.077910"/>
					</vertex>
					<vertex>
						<position x="-1.999999" y="-3.000000" z="-9.000000"/>
						<normal x="-0.577350" y="-0.577350" z="0.577350"/>
						<texcoord u="0.444071" v="0.077910"/>
					</vertex>
					<vertex>
						<position x="-0.999999" y="-3.000000" z="-9.000000"/>
						<normal x="0.577350" y="-0.577350" z="0.577350"/>
						<texcoord u="0.444071" v="0.042054"/>
					</vertex>
					<vertex>
						<position x="2.000000" y="-3.000000" z="-9.000000"/>
						<normal x="0.577350" y="-0.577350" z="0.577350"/>
						<texcoord u="0.785777" v="0.957541"/>
					</vertex>
					<vertex>
						<position x="2.000000" y="-3.000000" z="-10.000000"/>
						<normal x="0.577350" y="-0.577350" z="-0.577350"/>
						<texcoord u="0.794034" v="1.000000"/>
					</vertex>
					<vertex>
						<position x="2.000000" y="-3.000000" z="-10.000000"/>
						<normal x="0.577350" y="-0.577350" z="-0.577350"/>
						<texcoord u="0.479926" v="0.006195"/>
					</vertex>
					<vertex>
						<position x="1.000000" y="-3.000000" z="-10.000000"/>
						<normal x="-0.577350" y="-0.577350" z="-0.577350"/>
						<texcoord u="0.479926" v="0.042051"/>
					</vertex>
					<vertex>
						<position x="1.000000" y="-3.000000" z="-10.000000"/>
						<normal x="-0.577350" y="-0.577350" z="-0.577350"/>
						<texcoord u="0.562363" v="0.508122"/>
					</vertex>
					<vertex>
						<position x="1.000000" y="-3.000000" z="-9.000000"/>
						<normal x="-0.577350" y="-0.577350" z="0.577350"/>
						<texcoord u="0.562363" v="0.463878"/>
					</vertex>
					<vertex>
						<position x="2.000000" y="-1.000000" z="-9.000000"/>
						<normal x="0.826106" y="-0.237107" z="0.511204"/>
						<texcoord u="0.372359" v="0.006195"/>
					</vertex>
					<vertex>
						<position x="1.000000" y="-1.000000" z="-9.000000"/>
						<normal x="-0.826106" y="-0.237107" z="0.511204"/>
						<texcoord u="0.372359" v="0.042051"/>
					</vertex>
					<vertex>
						<position x="1.000000" y="-3.000000" z="-9.000000"/>
						<normal x="-0.577350" y="-0.577350" z="0.577350"/>
						<texcoord u="0.444070" v="0.042051"/>
					</vertex>
					<vertex>
						<position x="2.000000" y="-3.000000" z="-9.000000"/>
						<normal x="0.577350" y="-0.577350" z="0.577350"/>
						<texcoord u="0.444070" v="0.006195"/>
					</vertex>
					<vertex>
						<position x="-1.000000" y="1.000000" z="3.000000"/>
						<normal x="-0.707107" y="0.707107" z="0.000000"/>
						<texcoord u="0.320996" v="0.840741"/>
					</vertex>
					<vertex>
						<position x="1.000000" y="0.999999" z="3.000000"/>
						<normal x="0.707107" y="0.707107" z="0.000000"/>
						<texcoord u="0.241366" v="0.840741"/>
					</vertex>
					<vertex>
						<position x="-1.000000" y="-1.000000" z="3.000000"/>
						<normal x="-0.707107" y="-0.707107" z="0.000000"/>
						<texcoord u="0.649428" v="0.804950"/>
					</vertex>
					<vertex>
						<position x="-1.000000" y="1.000000" z="3.000000"/>
						<normal x="-0.707107" y="0.707107" z="0.000000"/>
						<texcoord u="0.584411" v="0.811266"/>
					</vertex>
					<vertex>
						<position x="-1.000000" y="1.000000" z="1.000000"/>
						<normal x="-0.511725" y="0.843872" z="0.161297"/>
						<texcoord u="0.590727" v="0.876283"/>
					</vertex>
					<vertex>
						<position x="-1.000000" y="1.000000" z="5.000000"/>
						<normal x="-0.301503" y="0.904540" z="-0.301503"/>
						<texcoord u="0.578096" v="0.746249"/>
					</vertex>
					<vertex>
						<position x="0.999999" y="-1.000001" z="3.000000"/>
						<normal x="0.707107" y="-0.707107" z="0.000000"/>
						<texcoord u="0.714445" v="0.798635"/>
					</vertex>
					<vertex>
						<position x="1.000000" y="0.999999" z="1.000000"/>
						<normal x="0.511725" y="0.843872" z="0.161297"/>
						<texcoord u="0.785777" v="0.857337"/>
					</vertex>
					<vertex>
						<position x="1.000000" y="0.999999" z="3.000000"/>
						<normal x="0.707107" y="0.707107" z="0.000000"/>
						<texcoord u="0.779462" v="0.792320"/>
					</vertex>
					<vertex>
						<position x="1.000000" y="0.999999" z="5.000000"/>
						<normal x="0.301503" y="0.904540" z="-0.301503"/>
						<texcoord u="0.773147" v="0.727303"/>
					</vertex>
					<vertex>
						<position x="1.000000" y="0.999999" z="5.000000"/>
						<normal x="0.301503" y="0.904540" z="-0.301503"/>
						<texcoord u="0.564435" v="0.505525"/>
					</vertex>
					<vertex>
						<position x="2.900001" y="0.999998" z="5.000000"/>
						<normal x="0.000000" y="0.707107" z="-0.707107"/>
						<texcoord u="0.643661" v="0.502197"/>
					</vertex>
					<vertex>
						<position x="2.899999" y="-1.000002" z="5.000000"/>
						<normal x="0.000000" y="-0.707107" z="-0.707107"/>
						<texcoord u="0.644619" v="0.427157"/>
					</vertex>
					<vertex>
						<position x="0.999999" y="-1.000001" z="5.000000"/>
						<normal x="0.301503" y="-0.904540" z="-0.301503"/>
						<texcoord u="0.562363" v="0.424303"/>
					</vertex>
					<vertex>
						<position x="3.000000" y="0.999998" z="5.000000"/>
						<normal x="0.000000" y="0.707107" z="-0.707107"/>
						<texcoord u="0.653319" v="0.502520"/>
					</vertex>
					<vertex>
						<position x="3.000000" y="-1.000002" z="5.000000"/>
						<normal x="0.000000" y="-0.707107" z="-0.707107"/>
						<texcoord u="0.652634" v="0.427633"/>
					</vertex>
					<vertex>
						<position x="2.899999" y="-1.000002" z="6.000000"/>
						<normal x="0.000000" y="-0.707107" z="0.707107"/>
						<texcoord u="0.646744" v="0.372728"/>
					</vertex>
					<vertex>
						<position x="0.999999" y="-1.000001" z="6.000000"/>
						<normal x="0.250319" y="-0.810072" z="0.530211"/>
						<texcoord u="0.562683" v="0.377389"/>
					</vertex>
					<vertex>
						<position x="3.000000" y="-1.000002" z="6.000000"/>
						<normal x="0.000000" y="-0.707107" z="0.707107"/>
						<texcoord u="0.654836" v="0.372829"/>
					</vertex>
					<vertex>
						<position x="2.900001" y="0.999998" z="6.000000"/>
						<normal x="0.000000" y="0.707107" z="0.707107"/>
						<texcoord u="0.165719" v="0.721298"/>
					</vertex>
					<vertex>
						<position x="2.900001" y="0.999998" z="5.000000"/>
						<normal x="0.000000" y="0.707107" z="-0.707107"/>
						<texcoord u="0.165719" v="0.761112"/>
					</vertex>
					<vertex>
						<position x="3.000000" y="0.999998" z="6.000000"/>
						<normal x="0.000000" y="0.707107" z="0.707107"/>
						<texcoord u="0.160496" v="0.721154"/>
					</vertex>
					<vertex>
						<position x="3.000000" y="0.999998" z="5.000000"/>
						<normal x="0.000000" y="0.707107" z="-0.707107"/>
						<texcoord u="0.160496" v="0.760968"/>
					</vertex>
					<vertex>
						<position x="2.900001" y="0.999998" z="6.000000"/>
						<normal x="0.000000" y="0.707107" z="0.707107"/>
						<texcoord u="0.644436" v="0.297613"/>
					</vertex>
					<vertex>
						<position x="1.000000" y="0.999999" z="6.000000"/>
						<normal x="0.250319" y="0.810072" z="0.530211"/>
						<texcoord u="0.563707" v="0.294937"/>
					</vertex>
					<vertex>
						<position x="3.000000" y="0.999998" z="6.000000"/>
						<normal x="0.000000" y="0.707107" z="0.707107"/>
						<texcoord u="0.654151" v="0.297943"/>
					</vertex>
					<vertex>
						<position x="3.100000" y="0.999998" z="5.000000"/>
						<normal x="0.000000" y="0.707107" z="-0.707107"/>
						<texcoord u="0.663034" v="0.502850"/>
					</vertex>
					<vertex>
						<position x="3.099999" y="-1.000002" z="5.000000"/>
						<normal x="0.000000" y="-0.707107" z="-0.707107"/>
						<texcoord u="0.660726" v="0.427734"/>
					</vertex>
					<vertex>
						<position x="5.000000" y="0.999997" z="5.000000"/>
						<normal x="0.577350" y="0.577350" z="-0.577350"/>
						<texcoord u="0.743763" v="0.505525"/>
					</vertex>
					<vertex>
						<position x="5.000000" y="-1.000003" z="5.000000"/>
						<normal x="0.577350" y="-0.577350" z="-0.577350"/>
						<texcoord u="0.744787" v="0.423074"/>
					</vertex>
					<vertex>
						<position x="3.099999" y="-1.000002" z="6.000000"/>
						<normal x="0.000000" y="-0.707107" z="0.707107"/>
						<texcoord u="0.662851" v="0.373305"/>
					</vertex>
					<vertex>
						<position x="5.000000" y="-1.000003" z="6.000000"/>
						<normal x="0.577350" y="-0.577350" z="0.577350"/>
						<texcoord u="0.745107" v="0.376159"/>
					</vertex>
					<vertex>
						<position x="3.100000" y="0.999998" z="6.000000"/>
						<normal x="0.000000" y="0.707107" z="0.707107"/>
						<texcoord u="0.155273" v="0.721010"/>
					</vertex>
					<vertex>
						<position x="3.100000" y="0.999998" z="5.000000"/>
						<normal x="0.000000" y="0.707107" z="-0.707107"/>
						<texcoord u="0.155273" v="0.760824"/>
					</vertex>
					<vertex>
						<position x="3.100000" y="0.999998" z="6.000000"/>
						<normal x="0.000000" y="0.707107" z="0.707107"/>
						<texcoord u="0.663809" v="0.298265"/>
					</vertex>
					<vertex>
						<position x="5.000000" y="0.999997" z="6.000000"/>
						<normal x="0.577350" y="0.577350" z="0.577350"/>
						<texcoord u="0.743035" v="0.294938"/>
					</vertex>
					<vertex>
						<position x="-1.000000" y="-1.000000" z="5.000000"/>
						<normal x="-0.301503" y="-0.904540" z="-0.301503"/>
						<texcoord u="0.726157" v="0.220681"/>
					</vertex>
					<vertex>
						<position x="-2.900001" y="-0.999999" z="5.000000"/>
						<normal x="0.000000" y="-0.707107" z="-0.707107"/>
						<texcoord u="0.650505" v="0.225550"/>
					</vertex>
					<vertex>
						<position x="-2.900000" y="1.000000" z="5.000000"/>
						<normal x="0.000000" y="0.707107" z="-0.707107"/>
						<texcoord u="0.652515" v="0.291993"/>
					</vertex>
					<vertex>
						<position x="-1.000000" y="1.000000" z="5.000000"/>
						<normal x="-0.301503" y="0.904540" z="-0.301503"/>
						<texcoord u="0.723058" v="0.294937"/>
					</vertex>
					<vertex>
						<position x="-3.000000" y="-0.999999" z="5.000000"/>
						<normal x="0.000000" y="-0.707107" z="-0.707107"/>
						<texcoord u="0.643285" v="0.225451"/>
					</vertex>
					<vertex>
						<position x="-3.000000" y="1.000000" z="5.000000"/>
						<normal x="0.000000" y="0.707107" z="-0.707107"/>
						<texcoord u="0.643926" v="0.291719"/>
					</vertex>
					<vertex>
						<position x="-1.000000" y="-1.000000" z="6.000000"/>
						<normal x="-0.250319" y="-0.810072" z="0.530211"/>
						<texcoord u="0.725823" v="0.178855"/>
					</vertex>
					<vertex>
						<position x="-2.900001" y="-0.999999" z="6.000000"/>
						<normal x="0.000000" y="-0.707107" z="0.707107"/>
						<texcoord u="0.652389" v="0.176825"/>
					</vertex>
					<vertex>
						<position x="-3.000000" y="-0.999999" z="6.000000"/>
						<normal x="0.000000" y="-0.707107" z="0.707107"/>
						<texcoord u="0.645235" v="0.176401"/>
					</vertex>
					<vertex>
						<position x="-2.900000" y="1.000000" z="5.000000"/>
						<normal x="0.000000" y="0.707107" z="-0.707107"/>
						<texcoord u="0.396643" v="0.761110"/>
					</vertex>
					<vertex>
						<position x="-2.900000" y="1.000000" z="6.000000"/>
						<normal x="0.000000" y="0.707107" z="0.707107"/>
						<texcoord u="0.396643" v="0.721296"/>
					</vertex>
					<vertex>
						<position x="-3.000000" y="1.000000" z="5.000000"/>
						<normal x="0.000000" y="0.707107" z="-0.707107"/>
						<texcoord u="0.401866" v="0.761254"/>
					</vertex>
					<vertex>
						<position x="-3.000000" y="1.000000" z="6.000000"/>
						<normal x="0.000000" y="0.707107" z="0.707107"/>
						<texcoord u="0.401865" v="0.721440"/>
					</vertex>
					<vertex>
						<position x="-1.000000" y="1.000000" z="6.000000"/>
						<normal x="-0.250319" y="0.810072" z="0.530211"/>
						<texcoord u="0.723476" v="0.106914"/>
					</vertex>
					<vertex>
						<position x="-2.900000" y="1.000000" z="6.000000"/>
						<normal x="0.000000" y="0.707107" z="0.707107"/>
						<texcoord u="0.653134" v="0.110397"/>
					</vertex>
					<vertex>
						<position x="-3.000000" y="1.000000" z="6.000000"/>
						<normal x="0.000000" y="0.707107" z="0.707107"/>
						<texcoord u="0.644593" v="0.110133"/>
					</vertex>
					<vertex>
						<position x="-3.100000" y="-0.999999" z="5.000000"/>
						<normal x="0.000000" y="-0.707107" z="-0.707107"/>
						<texcoord u="0.636131" v="0.225027"/>
					</vertex>
					<vertex>
						<position x="-3.100000" y="1.000000" z="5.000000"/>
						<normal x="0.000000" y="0.707107" z="-0.707107"/>
						<texcoord u="0.635385" v="0.291455"/>
					</vertex>
					<vertex>
						<position x="-5.000000" y="-0.999999" z="5.000000"/>
						<normal x="-0.577350" y="-0.577350" z="-0.577350"/>
						<texcoord u="0.562697" v="0.222997"/>
					</vertex>
					<vertex>
						<position x="-5.000000" y="1.000001" z="5.000000"/>
						<normal x="-0.577350" y="0.577350" z="-0.577350"/>
						<texcoord u="0.565045" v="0.294937"/>
					</vertex>
					<vertex>
						<position x="-3.100000" y="-0.999999" z="6.000000"/>
						<normal x="0.000000" y="-0.707107" z="0.707107"/>
						<texcoord u="0.638015" v="0.176302"/>
					</vertex>
					<vertex>
						<position x="-5.000000" y="-0.999999" z="6.000000"/>
						<normal x="-0.577350" y="-0.577350" z="0.577350"/>
						<texcoord u="0.562363" v="0.181171"/>
					</vertex>
					<vertex>
						<position x="-3.100000" y="1.000000" z="5.000000"/>
						<normal x="0.000000" y="0.707107" z="-0.707107"/>
						<texcoord u="0.407089" v="0.761397"/>
					</vertex>
					<vertex>
						<position x="-3.100000" y="1.000000" z="6.000000"/>
						<normal x="0.000000" y="0.707107" z="0.707107"/>
						<texcoord u="0.407088" v="0.721583"/>
					</vertex>
					<vertex>
						<position x="-3.100000" y="1.000000" z="6.000000"/>
						<normal x="0.000000" y="0.707107" z="0.707107"/>
						<texcoord u="0.636005" v="0.109858"/>
					</vertex>
					<vertex>
						<position x="-5.000000" y="1.000001" z="6.000000"/>
						<normal x="-0.577350" y="0.577350" z="0.577350"/>
						<texcoord u="0.565462" v="0.106915"/>
					</vertex>
					<vertex>
						<position x="1.875000" y="-0.750000" z="-8.600000"/>
						<normal x="0.694434" y="-0.656621" z="0.294297"/>
						<texcoord u="0.877850" v="0.921170"/>
					</vertex>
					<vertex>
						<position x="1.875000" y="0.750000" z="-8.600000"/>
						<normal x="0.694434" y="0.656621" z="0.294297"/>
						<texcoord u="0.941538" v="0.908786"/>
					</vertex>
					<vertex>
						<position x="1.125000" y="-0.750000" z="-8.600000"/>
						<normal x="-0.694434" y="-0.656621" z="0.294297"/>
						<texcoord u="0.355446" v="0.037569"/>
					</vertex>
					<vertex>
						<position x="1.875000" y="-0.750000" z="-8.600000"/>
						<normal x="0.694434" y="-0.656621" z="0.294297"/>
						<texcoord u="0.355446" v="0.010677"/>
					</vertex>
					<vertex>
						<position x="1.875000" y="0.750000" z="-8.600000"/>
						<normal x="0.694434" y="0.656621" z="0.294297"/>
						<texcoord u="0.835308" v="0.423006"/>
					</vertex>
					<vertex>
						<position x="1.125000" y="0.750000" z="-8.600000"/>
						<normal x="-0.694434" y="0.656621" z="0.294297"/>
						<texcoord u="0.868325" v="0.423006"/>
					</vertex>
					<vertex>
						<position x="1.125000" y="0.750000" z="-8.600000"/>
						<normal x="-0.694434" y="0.656621" z="0.294297"/>
						<texcoord u="0.396450" v="0.445336"/>
					</vertex>
					<vertex>
						<position x="1.125000" y="-0.750000" z="-8.600000"/>
						<normal x="-0.694434" y="-0.656621" z="0.294297"/>
						<texcoord u="0.462815" v="0.445336"/>
					</vertex>
					<vertex>
						<position x="-1.874999" y="0.750001" z="-8.600000"/>
						<normal x="-0.698489" y="0.649476" z="0.300490"/>
						<texcoord u="0.010934" v="0.446431"/>
					</vertex>
					<vertex>
						<position x="-1.874999" y="-0.750000" z="-8.600000"/>
						<normal x="-0.688425" y="-0.662087" z="0.296160"/>
						<texcoord u="0.075801" v="0.446560"/>
					</vertex>
					<vertex>
						<position x="-1.874999" y="-0.750000" z="-8.600000"/>
						<normal x="-0.688425" y="-0.662087" z="0.296160"/>
						<texcoord u="0.355446" v="0.073428"/>
					</vertex>
					<vertex>
						<position x="-1.124999" y="-0.750000" z="-8.600000"/>
						<normal x="0.688425" y="-0.662087" z="0.296160"/>
						<texcoord u="0.355446" v="0.046536"/>
					</vertex>
					<vertex>
						<position x="-1.124999" y="0.750000" z="-8.600000"/>
						<normal x="0.698489" y="0.649476" z="0.300490"/>
						<texcoord u="0.791280" v="0.423004"/>
					</vertex>
					<vertex>
						<position x="-1.874999" y="0.750001" z="-8.600000"/>
						<normal x="-0.698489" y="0.649476" z="0.300490"/>
						<texcoord u="0.824299" v="0.423004"/>
					</vertex>
					<vertex>
						<position x="-1.124999" y="-0.750000" z="-8.600000"/>
						<normal x="0.688425" y="-0.662087" z="0.296160"/>
						<texcoord u="0.265089" v="0.423019"/>
					</vertex>
					<vertex>
						<position x="-1.124999" y="0.750000" z="-8.600000"/>
						<normal x="0.698489" y="0.649476" z="0.300490"/>
						<texcoord u="0.329445" v="0.406872"/>
					</vertex>
					<vertex>
						<position x="1.875000" y="-0.750000" z="-4.800000"/>
						<normal x="0.706968" y="-0.706388" z="-0.034822"/>
						<texcoord u="0.846478" v="0.759827"/>
					</vertex>
					<vertex>
						<position x="1.875000" y="0.750000" z="-4.800000"/>
						<normal x="0.706968" y="0.706388" z="-0.034822"/>
						<texcoord u="0.910166" v="0.747444"/>
					</vertex>
					<vertex>
						<position x="1.125000" y="-0.750000" z="-4.800000"/>
						<normal x="-0.706968" y="-0.706388" z="-0.034822"/>
						<texcoord u="0.923682" v="0.319436"/>
					</vertex>
					<vertex>
						<position x="1.875000" y="-0.750000" z="-4.800000"/>
						<normal x="0.706968" y="-0.706388" z="-0.034822"/>
						<texcoord u="0.956910" v="0.319436"/>
					</vertex>
					<vertex>
						<position x="1.125000" y="-0.750000" z="-8.600000"/>
						<normal x="-0.694434" y="-0.656621" z="0.294297"/>
						<texcoord u="0.923682" v="0.487795"/>
					</vertex>
					<vertex>
						<position x="1.875000" y="-0.750000" z="-8.600000"/>
						<normal x="0.694434" y="-0.656621" z="0.294297"/>
						<texcoord u="0.956911" v="0.487795"/>
					</vertex>
					<vertex>
						<position x="1.125000" y="0.750000" z="-4.800000"/>
						<normal x="-0.706968" y="0.706388" z="-0.034822"/>
						<texcoord u="0.868325" v="0.255720"/>
					</vertex>
					<vertex>
						<position x="1.875000" y="0.750000" z="-4.800000"/>
						<normal x="0.706968" y="0.706388" z="-0.034822"/>
						<texcoord u="0.835309" v="0.255720"/>
					</vertex>
					<vertex>
						<position x="1.000000" y="1.000000" z="-1.000000"/>
						<normal x="-0.298722" y="0.896074" z="-0.328356"/>
						<texcoord u="0.385389" v="0.108997"/>
					</vertex>
					<vertex>
						<position x="1.125000" y="0.750000" z="-4.800000"/>
						<normal x="-0.706968" y="0.706388" z="-0.034822"/>
						<texcoord u="0.396450" v="0.277212"/>
					</vertex>
					<vertex>
						<position x="1.125000" y="-0.750000" z="-4.800000"/>
						<normal x="-0.706968" y="-0.706388" z="-0.034822"/>
						<texcoord u="0.462815" v="0.277212"/>
					</vertex>
					<vertex>
						<position x="1.000000" y="-1.000000" z="-1.000000"/>
						<normal x="-0.298722" y="-0.896074" z="-0.328356"/>
						<texcoord u="0.473875" v="0.108997"/>
					</vertex>
					<vertex>
						<position x="-1.874999" y="0.750001" z="-4.800000"/>
						<normal x="-0.717026" y="0.696150" z="-0.035342"/>
						<texcoord u="0.011261" v="0.282101"/>
					</vertex>
					<vertex>
						<position x="-1.781250" y="-0.750000" z="-4.800000"/>
						<normal x="-0.696547" y="-0.716690" z="-0.034334"/>
						<texcoord u="0.076255" v="0.282181"/>
					</vertex>
					<vertex>
						<position x="-1.781250" y="-0.750000" z="-4.800000"/>
						<normal x="-0.696547" y="-0.716690" z="-0.034334"/>
						<texcoord u="0.883523" v="0.319395"/>
					</vertex>
					<vertex>
						<position x="-1.218750" y="-0.750000" z="-4.800000"/>
						<normal x="0.696547" y="-0.716690" z="-0.034334"/>
						<texcoord u="0.908450" v="0.319395"/>
					</vertex>
					<vertex>
						<position x="-1.874999" y="-0.750000" z="-8.600000"/>
						<normal x="-0.688425" y="-0.662087" z="0.296160"/>
						<texcoord u="0.879368" v="0.487795"/>
					</vertex>
					<vertex>
						<position x="-1.124999" y="-0.750000" z="-8.600000"/>
						<normal x="0.688425" y="-0.662087" z="0.296160"/>
						<texcoord u="0.912605" v="0.487795"/>
					</vertex>
					<vertex>
						<position x="-1.124999" y="0.750000" z="-4.800000"/>
						<normal x="0.717026" y="0.696150" z="-0.035342"/>
						<texcoord u="0.791281" v="0.255709"/>
					</vertex>
					<vertex>
						<position x="-1.874999" y="0.750001" z="-4.800000"/>
						<normal x="-0.717026" y="0.696150" z="-0.035342"/>
						<texcoord u="0.824300" v="0.255709"/>
					</vertex>
					<vertex>
						<position x="-1.000000" y="-1.000000" z="-1.000000"/>
						<normal x="0.296038" y="-0.896628" z="-0.329273"/>
						<texcoord u="0.173066" v="0.099121"/>
					</vertex>
					<vertex>
						<position x="-1.218750" y="-0.750000" z="-4.800000"/>
						<normal x="0.696547" y="-0.716690" z="-0.034334"/>
						<texcoord u="0.224045" v="0.259965"/>
					</vertex>
					<vertex>
						<position x="-1.124999" y="0.750000" z="-4.800000"/>
						<normal x="0.717026" y="0.696150" z="-0.035342"/>
						<texcoord u="0.288540" v="0.243836"/>
					</vertex>
					<vertex>
						<position x="-1.000000" y="1.000000" z="-1.000000"/>
						<normal x="0.300279" y="0.893451" z="-0.334033"/>
						<texcoord u="0.258953" v="0.077910"/>
					</vertex>
				</vertexbuffer>
			</geometry>
			<boneassignments>
				<vertexboneassignment vertexindex="0" boneindex="17" weight="1.000000"/>
				<vertexboneassignment vertexindex="0" boneindex="18" weight="1.000000"/>
				<vertexboneassignment vertexindex="0" boneindex="13" weight="1.000000"/>
				<vertexboneassignment vertexindex="0" boneindex="9" weight="1.000000"/>
				<vertexboneassignment vertexindex="1" boneindex="17" weight="1.000000"/>
				<vertexboneassignment vertexindex="1" boneindex="18" weight="1.000000"/>
				<vertexboneassignment vertexindex="1" boneindex="13" weight="1.000000"/>
				<vertexboneassignment vertexindex="1" boneindex="9" weight="1.000000"/>
				<vertexboneassignment vertexindex="2" boneindex="17" weight="1.000000"/>
				<vertexboneassignment vertexindex="2" boneindex="18" weight="1.000000"/>
				<vertexboneassignment vertexindex="2" boneindex="3" weight="1.000000"/>
				<vertexboneassignment vertexindex="2" boneindex="9" weight="1.000000"/>
				<vertexboneassignment vertexindex="3" boneindex="17" weight="1.000000"/>
				<vertexboneassignment vertexindex="3" boneindex="18" weight="1.000000"/>
				<vertexboneassignment vertexindex="3" boneindex="3" weight="1.000000"/>
				<vertexboneassignment vertexindex="3" boneindex="9" weight="1.000000"/>
				<vertexboneassignment vertexindex="4" boneindex="12" weight="1.000000"/>
				<vertexboneassignment vertexindex="4" boneindex="17" weight="1.000000"/>
				<vertexboneassignment vertexindex="4" boneindex="18" weight="1.000000"/>
				<vertexboneassignment vertexindex="4" boneindex="9" weight="1.000000"/>
				<vertexboneassignment vertexindex="5" boneindex="12" weight="1.000000"/>
				<vertexboneassignment vertexindex="5" boneindex="17" weight="1.000000"/>
				<vertexboneassignment vertexindex="5" boneindex="18" weight="1.000000"/>
				<vertexboneassignment vertexindex="5" boneindex="9" weight="1.000000"/>
				<vertexboneassignment vertexindex="6" boneindex="12" weight="1.000000"/>
				<vertexboneassignment vertexindex="6" boneindex="9" weight="1.000000"/>
				<vertexboneassignment vertexindex="7" boneindex="17" weight="1.000000"/>
				<vertexboneassignment vertexindex="7" boneindex="18" weight="1.000000"/>
				<vertexboneassignment vertexindex="7" boneindex="13" weight="1.000000"/>
				<vertexboneassignment vertexindex="7" boneindex="9" weight="1.000000"/>
				<vertexboneassignment vertexindex="8" boneindex="17" weight="1.000000"/>
				<vertexboneassignment vertexindex="8" boneindex="18" weight="1.000000"/>
				<vertexboneassignment vertexindex="8" boneindex="3" weight="1.000000"/>
				<vertexboneassignment vertexindex="8" boneindex="9" weight="1.000000"/>
				<vertexboneassignment vertexindex="9" boneindex="12" weight="1.000000"/>
				<vertexboneassignment vertexindex="9" boneindex="9" weight="1.000000"/>
				<vertexboneassignment vertexindex="10" boneindex="12" weight="1.000000"/>
				<vertexboneassignment vertexindex="10" boneindex="9" weight="1.000000"/>
				<vertexboneassignment vertexindex="11" boneindex="17" weight="1.000000"/>
				<vertexboneassignment vertexindex="11" boneindex="18" weight="1.000000"/>
				<vertexboneassignment vertexindex="11" boneindex="3" weight="1.000000"/>
				<vertexboneassignment vertexindex="11" boneindex="9" weight="1.000000"/>
				<vertexboneassignment vertexindex="12" boneindex="3" weight="1.000000"/>
				<vertexboneassignment vertexindex="13" boneindex="9" weight="1.000000"/>
				<vertexboneassignment vertexindex="14" boneindex="17" weight="1.000000"/>
				<vertexboneassignment vertexindex="14" boneindex="18" weight="1.000000"/>
				<vertexboneassignment vertexindex="14" boneindex="3" weight="1.000000"/>
				<vertexboneassignment vertexindex="14" boneindex="9" weight="1.000000"/>
				<vertexboneassignment vertexindex="15" boneindex="12" weight="1.000000"/>
				<vertexboneassignment vertexindex="15" boneindex="17" weight="1.000000"/>
				<vertexboneassignment vertexindex="15" boneindex="18" weight="1.000000"/>
				<vertexboneassignment vertexindex="15" boneindex="9" weight="1.000000"/>
				<vertexboneassignment vertexindex="16" boneindex="18" weight="1.000000"/>
				<vertexboneassignment vertexindex="16" boneindex="9" weight="1.000000"/>
				<vertexboneassignment vertexindex="17" boneindex="18" weight="1.000000"/>
				<vertexboneassignment vertexindex="17" boneindex="3" weight="1.000000"/>
				<vertexboneassignment vertexindex="17" boneindex="9" weight="1.000000"/>
				<vertexboneassignment vertexindex="18" boneindex="12" weight="1.000000"/>
				<vertexboneassignment vertexindex="18" boneindex="17" weight="1.000000"/>
				<vertexboneassignment vertexindex="18" boneindex="18" weight="1.000000"/>
				<vertexboneassignment vertexindex="18" boneindex="9" weight="1.000000"/>
				<vertexboneassignment vertexindex="19" boneindex="12" weight="1.000000"/>
				<vertexboneassignment vertexindex="19" boneindex="9" weight="1.000000"/>
				<vertexboneassignment vertexindex="20" boneindex="9" weight="1.000000"/>
				<vertexboneassignment vertexindex="21" boneindex="18" weight="1.000000"/>
				<vertexboneassignment vertexindex="21" boneindex="9" weight="1.000000"/>
				<vertexboneassignment vertexindex="22" boneindex="18" weight="1.000000"/>
				<vertexboneassignment vertexindex="22" boneindex="3" weight="1.000000"/>
				<vertexboneassignment vertexindex="22" boneindex="9" weight="1.000000"/>
				<vertexboneassignment vertexindex="23" boneindex="3" weight="1.000000"/>
				<vertexboneassignment vertexindex="24" boneindex="17" weight="1.000000"/>
				<vertexboneassignment vertexindex="24" boneindex="18" weight="1.000000"/>
				<vertexboneassignment vertexindex="24" boneindex="13" weight="1.000000"/>
				<vertexboneassignment vertexindex="24" boneindex="9" weight="1.000000"/>
				<vertexboneassignment vertexindex="25" boneindex="12" weight="1.000000"/>
				<vertexboneassignment vertexindex="25" boneindex="9" weight="1.000000"/>
				<vertexboneassignment vertexindex="26" boneindex="9" weight="1.000000"/>
				<vertexboneassignment vertexindex="27" boneindex="13" weight="1.000000"/>
				<vertexboneassignment vertexindex="28" boneindex="12" weight="1.000000"/>
				<vertexboneassignment vertexindex="28" boneindex="17" weight="1.000000"/>
				<vertexboneassignment vertexindex="28" boneindex="18" weight="1.000000"/>
				<vertexboneassignment vertexindex="28" boneindex="9" weight="1.000000"/>
				<vertexboneassignment vertexindex="29" boneindex="17" weight="1.000000"/>
				<vertexboneassignment vertexindex="29" boneindex="18" weight="1.000000"/>
				<vertexboneassignment vertexindex="29" boneindex="13" weight="1.000000"/>
				<vertexboneassignment vertexindex="29" boneindex="9" weight="1.000000"/>
				<vertexboneassignment vertexindex="30" boneindex="17" weight="1.000000"/>
				<vertexboneassignment vertexindex="30" boneindex="13" weight="1.000000"/>
				<vertexboneassignment vertexindex="30" boneindex="9" weight="1.000000"/>
				<vertexboneassignment vertexindex="31" boneindex="17" weight="1.000000"/>
				<vertexboneassignment vertexindex="31" boneindex="9" weight="1.000000"/>
				<vertexboneassignment vertexindex="32" boneindex="12" weight="1.000000"/>
				<vertexboneassignment vertexindex="32" boneindex="9" weight="1.000000"/>
				<vertexboneassignment vertexindex="33" boneindex="12" weight="1.000000"/>
				<vertexboneassignment vertexindex="33" boneindex="17" weight="1.000000"/>
				<vertexboneassignment vertexindex="33" boneindex="18" weight="1.000000"/>
				<vertexboneassignment vertexindex="33" boneindex="9" weight="1.000000"/>
				<vertexboneassignment vertexindex="34" boneindex="17" weight="1.000000"/>
				<vertexboneassignment vertexindex="34" boneindex="9" weight="1.000000"/>
				<vertexboneassignment vertexindex="35" boneindex="9" weight="1.000000"/>
				<vertexboneassignment vertexindex="36" boneindex="13" weight="1.000000"/>
				<vertexboneassignment vertexindex="37" boneindex="17" weight="1.000000"/>
				<vertexboneassignment vertexindex="37" boneindex="13" weight="1.000000"/>
				<vertexboneassignment vertexindex="37" boneindex="9" weight="1.000000"/>
				<vertexboneassignment vertexindex="38" boneindex="5" weight="1.000000"/>
				<vertexboneassignment vertexindex="38" boneindex="11" weight="1.000000"/>
				<vertexboneassignment vertexindex="39" boneindex="5" weight="1.000000"/>
				<vertexboneassignment vertexindex="39" boneindex="2" weight="1.000000"/>
				<vertexboneassignment vertexindex="40" boneindex="6" weight="1.000000"/>
				<vertexboneassignment vertexindex="40" boneindex="2" weight="1.000000"/>
				<vertexboneassignment vertexindex="41" boneindex="6" weight="1.000000"/>
				<vertexboneassignment vertexindex="41" boneindex="11" weight="1.000000"/>
				<vertexboneassignment vertexindex="42" boneindex="6" weight="1.000000"/>
				<vertexboneassignment vertexindex="42" boneindex="11" weight="1.000000"/>
				<vertexboneassignment vertexindex="43" boneindex="6" weight="1.000000"/>
				<vertexboneassignment vertexindex="43" boneindex="2" weight="1.000000"/>
				<vertexboneassignment vertexindex="44" boneindex="5" weight="1.000000"/>
				<vertexboneassignment vertexindex="44" boneindex="2" weight="1.000000"/>
				<vertexboneassignment vertexindex="45" boneindex="5" weight="1.000000"/>
				<vertexboneassignment vertexindex="45" boneindex="11" weight="1.000000"/>
				<vertexboneassignment vertexindex="46" boneindex="8" weight="1.000000"/>
				<vertexboneassignment vertexindex="47" boneindex="8" weight="1.000000"/>
				<vertexboneassignment vertexindex="48" boneindex="8" weight="1.000000"/>
				<vertexboneassignment vertexindex="49" boneindex="8" weight="1.000000"/>
				<vertexboneassignment vertexindex="50" boneindex="4" weight="1.000000"/>
				<vertexboneassignment vertexindex="51" boneindex="4" weight="1.000000"/>
				<vertexboneassignment vertexindex="52" boneindex="4" weight="1.000000"/>
				<vertexboneassignment vertexindex="53" boneindex="4" weight="1.000000"/>
				<vertexboneassignment vertexindex="54" boneindex="6" weight="1.000000"/>
				<vertexboneassignment vertexindex="54" boneindex="2" weight="1.000000"/>
				<vertexboneassignment vertexindex="55" boneindex="2" weight="1.000000"/>
				<vertexboneassignment vertexindex="55" boneindex="0" weight="1.000000"/>
				<vertexboneassignment vertexindex="56" boneindex="2" weight="1.000000"/>
				<vertexboneassignment vertexindex="56" boneindex="0" weight="1.000000"/>
				<vertexboneassignment vertexindex="57" boneindex="2" weight="1.000000"/>
				<vertexboneassignment vertexindex="57" boneindex="0" weight="1.000000"/>
				<vertexboneassignment vertexindex="58" boneindex="5" weight="1.000000"/>
				<vertexboneassignment vertexindex="58" boneindex="2" weight="1.000000"/>
				<vertexboneassignment vertexindex="59" boneindex="2" weight="1.000000"/>
				<vertexboneassignment vertexindex="59" boneindex="0" weight="1.000000"/>
				<vertexboneassignment vertexindex="60" boneindex="2" weight="1.000000"/>
				<vertexboneassignment vertexindex="60" boneindex="0" weight="1.000000"/>
				<vertexboneassignment vertexindex="61" boneindex="2" weight="1.000000"/>
				<vertexboneassignment vertexindex="61" boneindex="0" weight="1.000000"/>
				<vertexboneassignment vertexindex="62" boneindex="0" weight="1.000000"/>
				<vertexboneassignment vertexindex="63" boneindex="0" weight="1.000000"/>
				<vertexboneassignment vertexindex="64" boneindex="0" weight="1.000000"/>
				<vertexboneassignment vertexindex="65" boneindex="0" weight="1.000000"/>
				<vertexboneassignment vertexindex="66" boneindex="0" weight="1.000000"/>
				<vertexboneassignment vertexindex="67" boneindex="0" weight="1.000000"/>
				<vertexboneassignment vertexindex="68" boneindex="0" weight="1.000000"/>
				<vertexboneassignment vertexindex="69" boneindex="0" weight="1.000000"/>
				<vertexboneassignment vertexindex="70" boneindex="0" weight="1.000000"/>
				<vertexboneassignment vertexindex="71" boneindex="0" weight="1.000000"/>
				<vertexboneassignment vertexindex="72" boneindex="0" weight="1.000000"/>
				<vertexboneassignment vertexindex="73" boneindex="0" weight="1.000000"/>
				<vertexboneassignment vertexindex="74" boneindex="0" weight="1.000000"/>
				<vertexboneassignment vertexindex="75" boneindex="0" weight="1.000000"/>
				<vertexboneassignment vertexindex="76" boneindex="0" weight="1.000000"/>
				<vertexboneassignment vertexindex="77" boneindex="0" weight="1.000000"/>
				<vertexboneassignment vertexindex="78" boneindex="0" weight="1.000000"/>
				<vertexboneassignment vertexindex="79" boneindex="0" weight="1.000000"/>
				<vertexboneassignment vertexindex="80" boneindex="0" weight="1.000000"/>
				<vertexboneassignment vertexindex="81" boneindex="0" weight="1.000000"/>
				<vertexboneassignment vertexindex="82" boneindex="16" weight="1.000000"/>
				<vertexboneassignment vertexindex="82" boneindex="14" weight="1.000000"/>
				<vertexboneassignment vertexindex="83" boneindex="16" weight="1.000000"/>
				<vertexboneassignment vertexindex="83" boneindex="14" weight="1.000000"/>
				<vertexboneassignment vertexindex="84" boneindex="14" weight="1.000000"/>
				<vertexboneassignment vertexindex="85" boneindex="14" weight="1.000000"/>
				<vertexboneassignment vertexindex="86" boneindex="16" weight="1.000000"/>
				<vertexboneassignment vertexindex="86" boneindex="14" weight="1.000000"/>
				<vertexboneassignment vertexindex="87" boneindex="16" weight="1.000000"/>
				<vertexboneassignment vertexindex="87" boneindex="14" weight="1.000000"/>
				<vertexboneassignment vertexindex="88" boneindex="14" weight="1.000000"/>
				<vertexboneassignment vertexindex="89" boneindex="14" weight="1.000000"/>
				<vertexboneassignment vertexindex="90" boneindex="16" weight="1.000000"/>
				<vertexboneassignment vertexindex="90" boneindex="14" weight="1.000000"/>
				<vertexboneassignment vertexindex="91" boneindex="16" weight="1.000000"/>
				<vertexboneassignment vertexindex="91" boneindex="14" weight="1.000000"/>
				<vertexboneassignment vertexindex="92" boneindex="14" weight="1.000000"/>
				<vertexboneassignment vertexindex="93" boneindex="14" weight="1.000000"/>
				<vertexboneassignment vertexindex="94" boneindex="14" weight="1.000000"/>
				<vertexboneassignment vertexindex="95" boneindex="14" weight="1.000000"/>
				<vertexboneassignment vertexindex="96" boneindex="14" weight="1.000000"/>
				<vertexboneassignment vertexindex="97" boneindex="14" weight="1.000000"/>
				<vertexboneassignment vertexindex="98" boneindex="20" weight="1.000000"/>
				<vertexboneassignment vertexindex="98" boneindex="7" weight="1.000000"/>
				<vertexboneassignment vertexindex="99" boneindex="20" weight="1.000000"/>
				<vertexboneassignment vertexindex="99" boneindex="7" weight="1.000000"/>
				<vertexboneassignment vertexindex="100" boneindex="7" weight="1.000000"/>
				<vertexboneassignment vertexindex="101" boneindex="7" weight="1.000000"/>
				<vertexboneassignment vertexindex="102" boneindex="20" weight="1.000000"/>
				<vertexboneassignment vertexindex="102" boneindex="7" weight="1.000000"/>
				<vertexboneassignment vertexindex="103" boneindex="20" weight="1.000000"/>
				<vertexboneassignment vertexindex="103" boneindex="7" weight="1.000000"/>
				<vertexboneassignment vertexindex="104" boneindex="7" weight="1.000000"/>
				<vertexboneassignment vertexindex="105" boneindex="7" weight="1.000000"/>
				<vertexboneassignment vertexindex="106" boneindex="20" weight="1.000000"/>
				<vertexboneassignment vertexindex="106" boneindex="7" weight="1.000000"/>
				<vertexboneassignment vertexindex="107" boneindex="20" weight="1.000000"/>
				<vertexboneassignment vertexindex="107" boneindex="7" weight="1.000000"/>
				<vertexboneassignment vertexindex="108" boneindex="7" weight="1.000000"/>
				<vertexboneassignment vertexindex="109" boneindex="7" weight="1.000000"/>
				<vertexboneassignment vertexindex="110" boneindex="7" weight="1.000000"/>
				<vertexboneassignment vertexindex="111" boneindex="7" weight="1.000000"/>
				<vertexboneassignment vertexindex="112" boneindex="7" weight="1.000000"/>
				<vertexboneassignment vertexindex="113" boneindex="7" weight="1.000000"/>
				<vertexboneassignment vertexindex="114" boneindex="7" weight="1.000000"/>
				<vertexboneassignment vertexindex="115" boneindex="7" weight="1.000000"/>
				<vertexboneassignment vertexindex="116" boneindex="7" weight="1.000000"/>
				<vertexboneassignment vertexindex="117" boneindex="7" weight="1.000000"/>
				<vertexboneassignment vertexindex="118" boneindex="7" weight="1.000000"/>
				<vertexboneassignment vertexindex="119" boneindex="7" weight="1.000000"/>
				<vertexboneassignment vertexindex="120" boneindex="20" weight="1.000000"/>
				<vertexboneassignment vertexindex="120" boneindex="7" weight="1.000000"/>
				<vertexboneassignment vertexindex="121" boneindex="20" weight="1.000000"/>
				<vertexboneassignment vertexindex="121" boneindex="7" weight="1.000000"/>
				<vertexboneassignment vertexindex="122" boneindex="7" weight="1.000000"/>
				<vertexboneassignment vertexindex="123" boneindex="7" weight="1.000000"/>
				<vertexboneassignment vertexindex="124" boneindex="14" weight="1.000000"/>
				<vertexboneassignment vertexindex="125" boneindex="14" weight="1.000000"/>
				<vertexboneassignment vertexindex="126" boneindex="14" weight="1.000000"/>
				<vertexboneassignment vertexindex="127" boneindex="14" weight="1.000000"/>
				<vertexboneassignment vertexindex="128" boneindex="14" weight="1.000000"/>
				<vertexboneassignment vertexindex="129" boneindex="14" weight="1.000000"/>
				<vertexboneassignment vertexindex="130" boneindex="16" weight="1.000000"/>
				<vertexboneassignment vertexindex="130" boneindex="14" weight="1.000000"/>
				<vertexboneassignment vertexindex="131" boneindex="16" weight="1.000000"/>
				<vertexboneassignment vertexindex="131" boneindex="14" weight="1.000000"/>
				<vertexboneassignment vertexindex="132" boneindex="14" weight="1.000000"/>
				<vertexboneassignment vertexindex="133" boneindex="14" weight="1.000000"/>
				<vertexboneassignment vertexindex="134" boneindex="12" weight="1.000000"/>
				<vertexboneassignment vertexindex="134" boneindex="11" weight="1.000000"/>
				<vertexboneassignment vertexindex="135" boneindex="12" weight="1.000000"/>
				<vertexboneassignment vertexindex="135" boneindex="11" weight="1.000000"/>
				<vertexboneassignment vertexindex="136" boneindex="12" weight="1.000000"/>
				<vertexboneassignment vertexindex="136" boneindex="11" weight="1.000000"/>
				<vertexboneassignment vertexindex="137" boneindex="12" weight="1.000000"/>
				<vertexboneassignment vertexindex="137" boneindex="11" weight="1.000000"/>
				<vertexboneassignment vertexindex="138" boneindex="12" weight="1.000000"/>
				<vertexboneassignment vertexindex="138" boneindex="9" weight="1.000000"/>
				<vertexboneassignment vertexindex="139" boneindex="5" weight="1.000000"/>
				<vertexboneassignment vertexindex="139" boneindex="11" weight="1.000000"/>
				<vertexboneassignment vertexindex="140" boneindex="12" weight="1.000000"/>
				<vertexboneassignment vertexindex="140" boneindex="11" weight="1.000000"/>
				<vertexboneassignment vertexindex="141" boneindex="12" weight="1.000000"/>
				<vertexboneassignment vertexindex="141" boneindex="9" weight="1.000000"/>
				<vertexboneassignment vertexindex="142" boneindex="12" weight="1.000000"/>
				<vertexboneassignment vertexindex="142" boneindex="11" weight="1.000000"/>
				<vertexboneassignment vertexindex="143" boneindex="6" weight="1.000000"/>
				<vertexboneassignment vertexindex="143" boneindex="11" weight="1.000000"/>
				<vertexboneassignment vertexindex="144" boneindex="6" weight="1.000000"/>
				<vertexboneassignment vertexindex="144" boneindex="11" weight="1.000000"/>
				<vertexboneassignment vertexindex="145" boneindex="6" weight="1.000000"/>
				<vertexboneassignment vertexindex="146" boneindex="6" weight="1.000000"/>
				<vertexboneassignment vertexindex="147" boneindex="6" weight="1.000000"/>
				<vertexboneassignment vertexindex="147" boneindex="11" weight="1.000000"/>
				<vertexboneassignment vertexindex="148" boneindex="6" weight="1.000000"/>
				<vertexboneassignment vertexindex="148" boneindex="8" weight="1.000000"/>
				<vertexboneassignment vertexindex="149" boneindex="6" weight="1.000000"/>
				<vertexboneassignment vertexindex="149" boneindex="8" weight="1.000000"/>
				<vertexboneassignment vertexindex="150" boneindex="6" weight="1.000000"/>
				<vertexboneassignment vertexindex="151" boneindex="6" weight="1.000000"/>
				<vertexboneassignment vertexindex="151" boneindex="2" weight="1.000000"/>
				<vertexboneassignment vertexindex="152" boneindex="6" weight="1.000000"/>
				<vertexboneassignment vertexindex="152" boneindex="8" weight="1.000000"/>
				<vertexboneassignment vertexindex="153" boneindex="6" weight="1.000000"/>
				<vertexboneassignment vertexindex="154" boneindex="6" weight="1.000000"/>
				<vertexboneassignment vertexindex="155" boneindex="6" weight="1.000000"/>
				<vertexboneassignment vertexindex="155" boneindex="8" weight="1.000000"/>
				<vertexboneassignment vertexindex="156" boneindex="6" weight="1.000000"/>
				<vertexboneassignment vertexindex="156" boneindex="8" weight="1.000000"/>
				<vertexboneassignment vertexindex="157" boneindex="6" weight="1.000000"/>
				<vertexboneassignment vertexindex="158" boneindex="6" weight="1.000000"/>
				<vertexboneassignment vertexindex="158" boneindex="2" weight="1.000000"/>
				<vertexboneassignment vertexindex="159" boneindex="6" weight="1.000000"/>
				<vertexboneassignment vertexindex="159" boneindex="8" weight="1.000000"/>
				<vertexboneassignment vertexindex="160" boneindex="8" weight="1.000000"/>
				<vertexboneassignment vertexindex="161" boneindex="8" weight="1.000000"/>
				<vertexboneassignment vertexindex="162" boneindex="8" weight="1.000000"/>
				<vertexboneassignment vertexindex="163" boneindex="8" weight="1.000000"/>
				<vertexboneassignment vertexindex="164" boneindex="8" weight="1.000000"/>
				<vertexboneassignment vertexindex="165" boneindex="8" weight="1.000000"/>
				<vertexboneassignment vertexindex="166" boneindex="8" weight="1.000000"/>
				<vertexboneassignment vertexindex="167" boneindex="8" weight="1.000000"/>
				<vertexboneassignment vertexindex="168" boneindex="8" weight="1.000000"/>
				<vertexboneassignment vertexindex="169" boneindex="8" weight="1.000000"/>
				<vertexboneassignment vertexindex="170" boneindex="5" weight="1.000000"/>
				<vertexboneassignment vertexindex="170" boneindex="11" weight="1.000000"/>
				<vertexboneassignment vertexindex="171" boneindex="5" weight="1.000000"/>
				<vertexboneassignment vertexindex="172" boneindex="5" weight="1.000000"/>
				<vertexboneassignment vertexindex="173" boneindex="5" weight="1.000000"/>
				<vertexboneassignment vertexindex="173" boneindex="11" weight="1.000000"/>
				<vertexboneassignment vertexindex="174" boneindex="5" weight="1.000000"/>
				<vertexboneassignment vertexindex="174" boneindex="4" weight="1.000000"/>
				<vertexboneassignment vertexindex="175" boneindex="5" weight="1.000000"/>
				<vertexboneassignment vertexindex="175" boneindex="4" weight="1.000000"/>
				<vertexboneassignment vertexindex="176" boneindex="5" weight="1.000000"/>
				<vertexboneassignment vertexindex="176" boneindex="2" weight="1.000000"/>
				<vertexboneassignment vertexindex="177" boneindex="5" weight="1.000000"/>
				<vertexboneassignment vertexindex="178" boneindex="5" weight="1.000000"/>
				<vertexboneassignment vertexindex="178" boneindex="4" weight="1.000000"/>
				<vertexboneassignment vertexindex="179" boneindex="5" weight="1.000000"/>
				<vertexboneassignment vertexindex="180" boneindex="5" weight="1.000000"/>
				<vertexboneassignment vertexindex="181" boneindex="5" weight="1.000000"/>
				<vertexboneassignment vertexindex="181" boneindex="4" weight="1.000000"/>
				<vertexboneassignment vertexindex="182" boneindex="5" weight="1.000000"/>
				<vertexboneassignment vertexindex="182" boneindex="4" weight="1.000000"/>
				<vertexboneassignment vertexindex="183" boneindex="5" weight="1.000000"/>
				<vertexboneassignment vertexindex="183" boneindex="2" weight="1.000000"/>
				<vertexboneassignment vertexindex="184" boneindex="5" weight="1.000000"/>
				<vertexboneassignment vertexindex="185" boneindex="5" weight="1.000000"/>
				<vertexboneassignment vertexindex="185" boneindex="4" weight="1.000000"/>
				<vertexboneassignment vertexindex="186" boneindex="4" weight="1.000000"/>
				<vertexboneassignment vertexindex="187" boneindex="4" weight="1.000000"/>
				<vertexboneassignment vertexindex="188" boneindex="4" weight="1.000000"/>
				<vertexboneassignment vertexindex="189" boneindex="4" weight="1.000000"/>
				<vertexboneassignment vertexindex="190" boneindex="4" weight="1.000000"/>
				<vertexboneassignment vertexindex="191" boneindex="4" weight="1.000000"/>
				<vertexboneassignment vertexindex="192" boneindex="4" weight="1.000000"/>
				<vertexboneassignment vertexindex="193" boneindex="4" weight="1.000000"/>
				<vertexboneassignment vertexindex="194" boneindex="4" weight="1.000000"/>
				<vertexboneassignment vertexindex="195" boneindex="4" weight="1.000000"/>
				<vertexboneassignment vertexindex="196" boneindex="16" weight="1.000000"/>
				<vertexboneassignment vertexindex="196" boneindex="14" weight="1.000000"/>
				<vertexboneassignment vertexindex="197" boneindex="16" weight="1.000000"/>
				<vertexboneassignment vertexindex="197" boneindex="14" weight="1.000000"/>
				<vertexboneassignment vertexindex="198" boneindex="16" weight="1.000000"/>
				<vertexboneassignment vertexindex="198" boneindex="14" weight="1.000000"/>
				<vertexboneassignment vertexindex="199" boneindex="16" weight="1.000000"/>
				<vertexboneassignment vertexindex="199" boneindex="14" weight="1.000000"/>
				<vertexboneassignment vertexindex="200" boneindex="16" weight="1.000000"/>
				<vertexboneassignment vertexindex="200" boneindex="14" weight="1.000000"/>
				<vertexboneassignment vertexindex="201" boneindex="16" weight="1.000000"/>
				<vertexboneassignment vertexindex="201" boneindex="14" weight="1.000000"/>
				<vertexboneassignment vertexindex="202" boneindex="16" weight="1.000000"/>
				<vertexboneassignment vertexindex="202" boneindex="14" weight="1.000000"/>
				<vertexboneassignment vertexindex="203" boneindex="16" weight="1.000000"/>
				<vertexboneassignment vertexindex="203" boneindex="14" weight="1.000000"/>
				<vertexboneassignment vertexindex="204" boneindex="20" weight="1.000000"/>
				<vertexboneassignment vertexindex="204" boneindex="7" weight="1.000000"/>
				<vertexboneassignment vertexindex="205" boneindex="20" weight="1.000000"/>
				<vertexboneassignment vertexindex="205" boneindex="7" weight="1.000000"/>
				<vertexboneassignment vertexindex="206" boneindex="20" weight="1.000000"/>
				<vertexboneassignment vertexindex="206" boneindex="7" weight="1.000000"/>
				<vertexboneassignment vertexindex="207" boneindex="20" weight="1.000000"/>
				<vertexboneassignment vertexindex="207" boneindex="7" weight="1.000000"/>
				<vertexboneassignment vertexindex="208" boneindex="20" weight="1.000000"/>
				<vertexboneassignment vertexindex="208" boneindex="7" weight="1.000000"/>
				<vertexboneassignment vertexindex="209" boneindex="20" weight="1.000000"/>
				<vertexboneassignment vertexindex="209" boneindex="7" weight="1.000000"/>
				<vertexboneassignment vertexindex="210" boneindex="20" weight="1.000000"/>
				<vertexboneassignment vertexindex="210" boneindex="7" weight="1.000000"/>
				<vertexboneassignment vertexindex="211" boneindex="20" weight="1.000000"/>
				<vertexboneassignment vertexindex="211" boneindex="7" weight="1.000000"/>
				<vertexboneassignment vertexindex="212" boneindex="13" weight="1.000000"/>
				<vertexboneassignment vertexindex="212" boneindex="16" weight="1.000000"/>
				<vertexboneassignment vertexindex="213" boneindex="13" weight="1.000000"/>
				<vertexboneassignment vertexindex="213" boneindex="16" weight="1.000000"/>
				<vertexboneassignment vertexindex="214" boneindex="13" weight="1.000000"/>
				<vertexboneassignment vertexindex="214" boneindex="16" weight="1.000000"/>
				<vertexboneassignment vertexindex="215" boneindex="13" weight="1.000000"/>
				<vertexboneassignment vertexindex="215" boneindex="16" weight="1.000000"/>
				<vertexboneassignment vertexindex="216" boneindex="16" weight="1.000000"/>
				<vertexboneassignment vertexindex="216" boneindex="14" weight="1.000000"/>
				<vertexboneassignment vertexindex="217" boneindex="16" weight="1.000000"/>
				<vertexboneassignment vertexindex="217" boneindex="14" weight="1.000000"/>
				<vertexboneassignment vertexindex="218" boneindex="13" weight="1.000000"/>
				<vertexboneassignment vertexindex="218" boneindex="16" weight="1.000000"/>
				<vertexboneassignment vertexindex="219" boneindex="13" weight="1.000000"/>
				<vertexboneassignment vertexindex="219" boneindex="16" weight="1.000000"/>
				<vertexboneassignment vertexindex="220" boneindex="17" weight="1.000000"/>
				<vertexboneassignment vertexindex="220" boneindex="18" weight="1.000000"/>
				<vertexboneassignment vertexindex="220" boneindex="13" weight="1.000000"/>
				<vertexboneassignment vertexindex="220" boneindex="9" weight="1.000000"/>
				<vertexboneassignment vertexindex="221" boneindex="13" weight="1.000000"/>
				<vertexboneassignment vertexindex="221" boneindex="16" weight="1.000000"/>
				<vertexboneassignment vertexindex="222" boneindex="13" weight="1.000000"/>
				<vertexboneassignment vertexindex="222" boneindex="16" weight="1.000000"/>
				<vertexboneassignment vertexindex="223" boneindex="17" weight="1.000000"/>
				<vertexboneassignment vertexindex="223" boneindex="18" weight="1.000000"/>
				<vertexboneassignment vertexindex="223" boneindex="13" weight="1.000000"/>
				<vertexboneassignment vertexindex="223" boneindex="9" weight="1.000000"/>
				<vertexboneassignment vertexindex="224" boneindex="3" weight="1.000000"/>
				<vertexboneassignment vertexindex="224" boneindex="20" weight="1.000000"/>
				<vertexboneassignment vertexindex="225" boneindex="3" weight="1.000000"/>
				<vertexboneassignment vertexindex="225" boneindex="20" weight="1.000000"/>
				<vertexboneassignment vertexindex="226" boneindex="3" weight="1.000000"/>
				<vertexboneassignment vertexindex="226" boneindex="20" weight="1.000000"/>
				<vertexboneassignment vertexindex="227" boneindex="3" weight="1.000000"/>
				<vertexboneassignment vertexindex="227" boneindex="20" weight="1.000000"/>
				<vertexboneassignment vertexindex="228" boneindex="20" weight="1.000000"/>
				<vertexboneassignment vertexindex="228" boneindex="7" weight="1.000000"/>
				<vertexboneassignment vertexindex="229" boneindex="20" weight="1.000000"/>
				<vertexboneassignment vertexindex="229" boneindex="7" weight="1.000000"/>
				<vertexboneassignment vertexindex="230" boneindex="3" weight="1.000000"/>
				<vertexboneassignment vertexindex="230" boneindex="20" weight="1.000000"/>
				<vertexboneassignment vertexindex="231" boneindex="3" weight="1.000000"/>
				<vertexboneassignment vertexindex="231" boneindex="20" weight="1.000000"/>
				<vertexboneassignment vertexindex="232" boneindex="17" weight="1.000000"/>
				<vertexboneassignment vertexindex="232" boneindex="18" weight="1.000000"/>
				<vertexboneassignment vertexindex="232" boneindex="3" weight="1.000000"/>
				<vertexboneassignment vertexindex="232" boneindex="9" weight="1.000000"/>
				<vertexboneassignment vertexindex="233" boneindex="3" weight="1.000000"/>
				<vertexboneassignment vertexindex="233" boneindex="20" weight="1.000000"/>
				<vertexboneassignment vertexindex="234" boneindex="3" weight="1.000000"/>
				<vertexboneassignment vertexindex="234" boneindex="20" weight="1.000000"/>
				<vertexboneassignment vertexindex="235" boneindex="17" weight="1.000000"/>
				<vertexboneassignment vertexindex="235" boneindex="18" weight="1.000000"/>
				<vertexboneassignment vertexindex="235" boneindex="3" weight="1.000000"/>
				<vertexboneassignment vertexindex="235" boneindex="9" weight="1.000000"/>
			</boneassignments>
		</submesh>
	</submeshes>
	<skeletonlink name="Test.skeleton"/>
</mesh>
