<definitions>
	<objects>
		<aabbs>
			<aabb name="stand">
				<mins x="-0.5" y="-0.5" z="-1"/>
				<maxs x="0.5" y="0.5" z="1"/>
			</aabb>
			<aabb name="crouch">
				<mins x="-0.5" y="-0.5" z="-0.5"/>
				<maxs x="0.5" y="0.5" z="0.5"/>
			</aabb>
		</aabbs>
		<components>
			<component name="AABBBounds">
				<property name="AABBs" type="[AABBid]"/>
				<property name="Pose" type="int"/>
			</component>
			<component name="DirectMovement"/>
			<component name="Inventory">
				<property name="Consumables" type="->(string,int)"/>
				<property name="Objects" type="[int]"/>
			</component>
			<component name="ItemActivatable"/>
			<component name="MeshMovement"/>
			<component name="MinimusScriptYoke">
				<property name="Script" type="string"/>
			</component>
			<component name="ModelRender">
				<property name="ModelName" type="string"/>
			</component>
			<component name="Orientation">
				<property name="Look" type="Vector3d"/>
			</component>
			<component name="Ownable">
				<property name="Owner" type="int"/>
			</component>
			<component name="Physics"/>
			<component name="Position">
				<property name="Position" type="Vector3d"/>
			</component>
			<component name="Usable">
				<property name="Group" type="string"/>
				<property name="Script" type="string"/>
			</component>
			<component name="UserBipedYoke"/>
		</components>
		<archetypes>
			<archetype name="Guard">
				<component name="AABBBounds">
					<property name="AABBs" fixed="[stand,crouch]"/>
					<property name="Pose" default="0"/>
				</component>
				<component name="Inventory">
					<property name="Consumables" default="[]"/>
					<property name="Objects" default="[]"/>
				</component>
				<component name="MeshMovement"/>
				<component name="MinimusScriptYoke"/>
				<component name="ModelRender">
					<property name="ModelName" default="Guard"/>
				</component>
				<component name="Orientation"/>
				<component name="Physics"/>
				<component name="Position"/>
			</archetype>
			<archetype name="Player">
				<component name="AABBBounds">
					<property name="AABBs" fixed="[stand,crouch]"/>
					<property name="Pose" default="0"/>
				</component>
				<component name="Inventory">
					<property name="Consumables" default="[]"/>
					<property name="Objects" default="[]"/>
				</component>
				<component name="MeshMovement"/>
				<component name="ModelRender">
					<property name="ModelName" default="Player"/>
				</component>
				<component name="Orientation"/>
				<component name="Physics"/>
				<component name="Position"/>
				<component name="UserBipedYoke"/>
			</archetype>
		</archetypes>
	</objects>
</definitions>
